This is LuaTeX, Version 1.12.0 (MiKTeX 2.9.7300 64-bit)  (format=lualatex 2020.2.18)  10 MAR 2020 00:23
 restricted system commands enabled.
**paper-version0.6.tex
(./paper-version0.6.tex
LaTeX2e <2020-02-02> patch level 2
Lua module: luaotfload-main 2020-02-02 3.12 luaotfload entry point
Lua module: luaotfload-init 2020-02-02 3.12 luaotfload submodule / initializatio
n
Lua module: lualibs 2020-02-02 2.70 ConTeXt Lua standard libraries.
Lua module: lualibs-extended 2020-02-02 2.70 ConTeXt Lua libraries -- extended c
ollection.
Lua module: luaotfload-log 2020-02-02 3.12 luaotfload submodule / logging
Lua module: luaotfload-parsers 2020-02-02 3.12 luaotfload submodule / filelist
Lua module: luaotfload-configuration 2020-02-02 3.12 luaotfload submodule / conf
ig file reader
luaotfload | conf : Root cache directory is C:/Users/15567/AppData/Local/MiKTeX/
2.9/luatex-cache/generic-dev/names.
luaotfload | init : Loading fontloader “fontloader-2020-01-26.lua” from kpse
-resolved path “C:/Program Files/MiKTeX 2.9/tex/luatex/luaotfload/fontloader-2
020-01-26.lua”.
Lua-only attribute luaotfload@state = 2
Lua-only attribute luaotfload@noligature = 3
Lua-only attribute luaotfload@syllabe = 4
luaotfload | init : Context OpenType loader version “3.11”
Inserting `luaotfload.node_processor' at position 1 in `pre_linebreak_filter'.
Inserting `luaotfload.node_processor' at position 1 in `hpack_filter'.
Lua module: luaotfload-loaders 2020-02-02 3.12 luaotfload submodule / callback h
andling
Inserting `luaotfload.define_font' at position 1 in `define_font'.
Lua module: luaotfload-database 2020-02-02 3.12 luaotfload submodule / database
Lua module: luaotfload-unicode 2020-02-02 3.12 luaotfload submodule / Unicode he
lpers
Lua module: luaotfload-colors 2020-02-02 3.12 luaotfload submodule / color
Lua-only attribute luaotfload_color_attribute = 5
Lua module: luaotfload-resolvers 2020-02-02 3.12 luaotfload submodule / resolver
s
luaotfload | conf : Root cache directory is C:/Users/15567/AppData/Local/MiKTeX/
2.9/luatex-cache/generic-dev/names.
Lua module: luaotfload-features 2020-02-02 3.12 luaotfload submodule / features
Lua module: luaotfload-letterspace 2020-02-02 3.12 luaotfload submodule / color
Lua module: luaotfload-embolden 2020-02-02 3.12 luaotfload submodule / color
Lua module: luaotfload-notdef 2020-02-02 3.12 luaotfload submodule / color
Lua module: luaotfload-auxiliary 2020-02-02 3.12 luaotfload submodule / auxiliar
y functions
Inserting `luaotfload.aux.set_sscale_dimens' at position 1 in `luaotfload.patch_
font'.
Inserting `luaotfload.aux.set_font_index' at position 2 in `luaotfload.patch_fon
t'.
Inserting `luaotfload.aux.patch_cambria_domh' at position 3 in `luaotfload.patch
_font'.
Inserting `luaotfload.aux.fixup_fontdata' at position 1 in `luaotfload.patch_fon
t_unsafe'.
Inserting `luaotfload.aux.set_capheight' at position 4 in `luaotfload.patch_font
'.
Inserting `luaotfload.aux.set_xheight' at position 5 in `luaotfload.patch_font'.
Lua module: luaotfload-fallback 2020-02-02 3.12 luaotfload submodule / fallback
Lua module: luaotfload-multiscript 2020-02-02 3.12 luaotfload submodule / multis
cript
Lua module: luaotfload-script 2020-02-02 3.12 luaotfload submodule / Script help
ers
Lua module: luaotfload-tounicode 2020-02-02 3.12 luaotfload submodule / tounicod
e
Inserting `luaotfload.rewrite_fontname' at position 6 in `luaotfload.patch_font'
. L3 programming layer <2020-02-14>
(C:/Users/15567/AppData/Roaming/MiKTeX/2.9/tex/latex/ctex/ctexart.cls
("C:/Program Files/MiKTeX 2.9/tex/latex/l3kernel/expl3.sty"
Package: expl3 2020-02-14 L3 programming layer (loader) 

("C:/Program Files/MiKTeX 2.9/tex/latex/l3backend/l3backend-pdfmode.def"
File: l3backend-pdfmode.def 2020-02-03 L3 backend support: PDF mode
\l__kernel_color_stack_int=\count163
\l__pdf_internal_box=\box45
))
Document Class: ctexart 2019/05/29 v2.4.16 Chinese adapter for class article (CT
EX)
("C:/Program Files/MiKTeX 2.9/tex/latex/l3packages/xparse/xparse.sty"
Package: xparse 2020-02-14 L3 Experimental document command parser
\l__xparse_current_arg_int=\count164
\g__xparse_grabber_int=\count165
\l__xparse_m_args_int=\count166
\l__xparse_v_nesting_int=\count167
)
("C:/Program Files/MiKTeX 2.9/tex/latex/l3packages/l3keys2e/l3keys2e.sty"
Package: l3keys2e 2020-02-14 LaTeX2e option processing using LaTeX3 keys
)
(C:/Users/15567/AppData/Roaming/MiKTeX/2.9/tex/latex/ctex/ctexhook.sty
Package: ctexhook 2019/05/29 v2.4.16 Document and package hooks (CTEX)
)
(C:/Users/15567/AppData/Roaming/MiKTeX/2.9/tex/latex/ctex/ctexpatch.sty
Package: ctexpatch 2019/05/29 v2.4.16 Patching commands (CTEX)
)
("C:/Program Files/MiKTeX 2.9/tex/latex/base/fix-cm.sty"
Package: fix-cm 2015/01/14 v1.1t fixes to LaTeX

("C:/Program Files/MiKTeX 2.9/tex/latex/base/ts1enc.def"
File: ts1enc.def 2001/06/05 v3.0e (jk/car/fm) Standard LaTeX file
LaTeX Font Info:    Redeclaring font encoding TS1 on input line 47.
))
("C:/Program Files/MiKTeX 2.9/tex/latex/ms/everysel.sty"
Package: everysel 2011/10/28 v1.2 EverySelectfont Package (MS)
)
\l__ctex_tmp_int=\count168
\l__ctex_tmp_box=\box46
\l__ctex_tmp_dim=\dimen134
\g__ctex_section_depth_int=\count169
\g__ctex_font_size_int=\count170

(C:/Users/15567/AppData/Roaming/MiKTeX/2.9/tex/latex/ctex/config/ctexopts.cfg
File: ctexopts.cfg 2019/05/29 v2.4.16 Option configuration file (CTEX)
)
("C:/Program Files/MiKTeX 2.9/tex/latex/base/article.cls"
Document Class: article 2019/12/20 v1.4l Standard LaTeX document class
("C:/Program Files/MiKTeX 2.9/tex/latex/base/size10.clo"
File: size10.clo 2019/12/20 v1.4l Standard LaTeX file (size option)
luaotfload | db : Font names database loaded from C:/Users/15567/AppData/Local/M
iKTeX/2.9/luatex-cache/generic-dev/names/luaotfload-names.luc)
\c@part=\count171
\c@section=\count172
\c@subsection=\count173
\c@subsubsection=\count174
\c@paragraph=\count175
\c@subparagraph=\count176
\c@figure=\count177
\c@table=\count178
\abovecaptionskip=\skip47
\belowcaptionskip=\skip48
\bibindent=\dimen135
)
(C:/Users/15567/AppData/Roaming/MiKTeX/2.9/tex/latex/ctex/engine/ctex-engine-lu
atex.def
File: ctex-engine-luatex.def 2019/05/29 v2.4.16 LuaLaTeX adapter (CTEX)

(C:/Users/15567/AppData/Roaming/MiKTeX/2.9/tex/luatex/luatexja/luatexja.sty
Package: luatexja 2020/01/27 Japanese Typesetting with Lua(La)TeX

(C:/Users/15567/AppData/Roaming/MiKTeX/2.9/tex/luatex/luatexja/luatexja-core.st
y
Package: luatexja-core 2017/11/12 Core of LuaTeX-ja

(C:/Users/15567/AppData/Roaming/MiKTeX/2.9/tex/luatex/luatexbase/luatexbase.sty
Package: luatexbase 2015/10/04 v1.3 luatexbase interface to LuaTeX 

(C:/Users/15567/AppData/Roaming/MiKTeX/2.9/tex/luatex/ctablestack/ctablestack.s
ty
Package: ctablestack 2015/10/01 v1.0 Catcode table stable support
\@catcodetablestackcnt=\count179
)
\CatcodeTableOther=\catcodetable5
\CatcodeTableExpl=\catcodetable6
) (C:/Users/15567/AppData/Roaming/MiKTeX/2.9/tex/generic/ltxcmds/ltxcmds.sty
Package: ltxcmds 2019/12/15 v1.24 LaTeX kernel commands for general use (HO)
) ("C:/Program Files/MiKTeX 2.9/tex/latex/pdftexcmds/pdftexcmds.sty"
Package: pdftexcmds 2019/11/24 v0.31 Utility functions of pdfTeX for LuaTeX (HO)


(C:/Users/15567/AppData/Roaming/MiKTeX/2.9/tex/generic/infwarerr/infwarerr.sty
Package: infwarerr 2019/12/03 v1.5 Providing info/warning/error messages (HO)
) ("C:/Program Files/MiKTeX 2.9/tex/generic/iftex/iftex.sty"
Package: iftex 2019/11/07 v1.0c TeX engine tests
)
Package pdftexcmds Info: \pdf@primitive is available.
Package pdftexcmds Info: \pdf@ifprimitive is available.
Package pdftexcmds Info: \pdfdraftmode found.
\pdftexcmds@toks=\toks14
)
("C:/Program Files/MiKTeX 2.9/tex/latex/xkeyval/xkeyval.sty"
Package: xkeyval 2014/12/03 v2.7a package option processing (HA)

("C:/Program Files/MiKTeX 2.9/tex/generic/xkeyval/xkeyval.tex"
("C:/Program Files/MiKTeX 2.9/tex/generic/xkeyval/xkvutils.tex"
\XKV@toks=\toks15
\XKV@tempa@toks=\toks16

("C:/Program Files/MiKTeX 2.9/tex/generic/xkeyval/keyval.tex"))
\XKV@depth=\count180
File: xkeyval.tex 2014/12/03 v2.7a key=value parser (HA)
))
(C:/Users/15567/AppData/Roaming/MiKTeX/2.9/tex/generic/atbegshi/atbegshi.sty
Package: atbegshi 2019/12/05 v1.19 At begin shipout hook (HO)
)
("C:/Program Files/MiKTeX 2.9/tex/latex/etoolbox/etoolbox.sty"
Package: etoolbox 2019/09/21 v2.5h e-TeX tools for LaTeX (JAW)
\etb@tempcnta=\count181
)
\AtBeginShipoutBox=\box47

(C:/Users/15567/AppData/Roaming/MiKTeX/2.9/tex/latex/everyhook/everyhook.sty
(C:/Users/15567/AppData/Roaming/MiKTeX/2.9/tex/latex/svn-prov/svn-prov.sty
Package: svn-prov 2010/04/24 v3.1862 Package Date/Version from SVN Keywords
)
Package: everyhook 2014/11/26 v1.2 (SVN Rev: 12)\ Hooks for low level TeX everyX
 primitives.
\everypar=\toks17
\frozen@everymath=\toks18
\frozen@everydisplay=\toks19
\everyhbox=\toks20
\everyvbox=\toks21
\everycr=\toks22
)
\ltjlineendcomment=\count182
\ltj@dimen@zw=\dimen136
\ltj@dimen@zh=\dimen137
\ltj@dimen@jQ=\dimen138
\ltj@icflag=\attribute6
\ltj@curjfnt=\attribute7
\ltj@curtfnt=\attribute8
\ltj@charclass=\attribute9
\ltj@charcode=\attribute10
\ltj@autospc=\attribute11
\ltj@autoxspc=\attribute12
\ltj@yablshift=\attribute13
\ltj@ykblshift=\attribute14
\ltj@tablshift=\attribute15
\ltj@tkblshift=\attribute16
\jfam=\attribute17
\ltj@vert@ori=\attribute18
\ltj@dir=\attribute19
\ltj@@japanese=\language2
\ltj@tempcnta=\count183
\ltj@kcat0=\attribute20
\ltj@kcat1=\attribute21
\ltj@kcat2=\attribute22
\ltj@kcat3=\attribute23
\ltj@kcat4=\attribute24
\ltj@kcat5=\attribute25
\ltj@kcat6=\attribute26
Custom whatsit inhibitglue = 1
Custom whatsit stack_marker = 2
Custom whatsit begin_par = 3
Custom whatsit direction = 4
Custom whatsit box_boundary = 5
Custom whatsit ja_al_boundary = 6(load cache: C:/Users/15567/AppData/Local/MiKTe
X/2.9/luatexja/ltj-cid-auto-adobe-japan1.luc)
Lua module: luatexja.charrange 2019/09/26 Handling the range of Japanese charact
ers
Lua module: luatexja.stack 2019/09/26 LuaTeX-ja stack system
Inserting `ltj.create_dir_whatsit' at position 2 in `hpack_filter'.
Inserting `ltj.create_dir_whatsit' at position 1 in `post_linebreak_filter'.
Inserting `ltj.direction' at position 1 in `vpack_filter'.
Inserting `ltj.direction' at position 1 in `pre_output_filter'.
Inserting `ltj.lineskip' at position 2 in `post_linebreak_filter'.
Inserting `ltj.lineskip' at position 1 in `append_to_vlist_filter'.
Lua module: luatexja.jfont 2019/09/26 Loader for Japanese fonts
Removing  `luaotfload.define_font' from `define_font'.
Inserting `luatexja.font_callback' at position 1 in `define_font'.
Removing  `luaotfload.aux.set_sscale_dimens' from `luaotfload.patch_font'.
Removing  `luaotfload.aux.set_font_index' from `luaotfload.patch_font'.
Removing  `luaotfload.aux.patch_cambria_domh' from `luaotfload.patch_font'.
Removing  `luaotfload.aux.set_capheight' from `luaotfload.patch_font'.
Removing  `luaotfload.aux.set_xheight' from `luaotfload.patch_font'.
Removing  `luaotfload.rewrite_fontname' from `luaotfload.patch_font'.
Inserting `ltj.prepare_extra_data' at position 1 in `luaotfload.patch_font'.
Inserting `luaotfload.aux.set_sscale_dimens' at position 2 in `luaotfload.patch_
font'.
Inserting `luaotfload.aux.set_font_index' at position 3 in `luaotfload.patch_fon
t'.
Inserting `luaotfload.aux.patch_cambria_domh' at position 4 in `luaotfload.patch
_font'.
Inserting `luaotfload.aux.set_capheight' at position 5 in `luaotfload.patch_font
'.
Inserting `luaotfload.aux.set_xheight' at position 6 in `luaotfload.patch_font'.
Inserting `luaotfload.rewrite_fontname' at position 7 in `luaotfload.patch_font'
.
Inserting `ltj.prepare_extra_data' at position 1 in `luatexja.define_font'.
Inserting `ltj.get_vert_form' at position 1 in `luatexja.define_jfont'.
Removing  `ltj.prepare_extra_data' from `luaotfload.patch_font'.
Removing  `luaotfload.aux.set_sscale_dimens' from `luaotfload.patch_font'.
Removing  `luaotfload.aux.set_font_index' from `luaotfload.patch_font'.
Removing  `luaotfload.aux.patch_cambria_domh' from `luaotfload.patch_font'.
Removing  `luaotfload.aux.set_capheight' from `luaotfload.patch_font'.
Removing  `luaotfload.aux.set_xheight' from `luaotfload.patch_font'.
Removing  `luaotfload.rewrite_fontname' from `luaotfload.patch_font'.
Inserting `ltj.supply_tounicode' at position 1 in `luaotfload.patch_font'.
Inserting `ltj.prepare_extra_data' at position 2 in `luaotfload.patch_font'.
Inserting `luaotfload.aux.set_sscale_dimens' at position 3 in `luaotfload.patch_
font'.
Inserting `luaotfload.aux.set_font_index' at position 4 in `luaotfload.patch_fon
t'.
Inserting `luaotfload.aux.patch_cambria_domh' at position 5 in `luaotfload.patch
_font'.
Inserting `luaotfload.aux.set_capheight' at position 6 in `luaotfload.patch_font
'.
Inserting `luaotfload.aux.set_xheight' at position 7 in `luaotfload.patch_font'.
Inserting `luaotfload.rewrite_fontname' at position 8 in `luaotfload.patch_font'
.
Inserting `ltj.process_input_buffer' at position 1 in `process_input_buffer'.
Inserting `ltj.hyphenate' at position 1 in `hyphenate'.
Removing  `luaotfload.node_processor' from `hpack_filter'.
Removing  `ltj.create_dir_whatsit' from `hpack_filter'.
Inserting `ltj.set_stack_level' at position 1 in `hpack_filter'.
Inserting `luaotfload.node_processor' at position 2 in `hpack_filter'.
Inserting `ltj.create_dir_whatsit' at position 3 in `hpack_filter'.
Removing  `luaotfload.node_processor' from `pre_linebreak_filter'.
Inserting `ltj.set_stack_level' at position 1 in `pre_linebreak_filter'.
Inserting `luaotfload.node_processor' at position 2 in `pre_linebreak_filter'.
Lua module: luatexja.jfmglue 2020/01/23 Insertion process of JFM glues, [x]kanji
skip and others
Inserting `luatexja.beginpar.np_info' at position 1 in `luatexja.jfmglue.whatsit
_getinfo'.
Inserting `luatexja.beginpar.np_info_after' at position 1 in `luatexja.jfmglue.w
hatsit_after'.
Inserting `ltj.mlist_to_hlist_pre' at position 1 in `pre_mlist_to_hlist_filter'.
Inserting `ltj.main' at position 3 in `pre_linebreak_filter'.
Removing  `ltj.create_dir_whatsit' from `hpack_filter'.
Inserting `ltj.main' at position 3 in `hpack_filter'.
Inserting `ltj.create_dir_whatsit' at position 4 in `hpack_filter'.
Removing  `ltj.set_stack_level' from `pre_linebreak_filter'.
Removing  `luaotfload.node_processor' from `pre_linebreak_filter'.
Removing  `ltj.main' from `pre_linebreak_filter'.
Inserting `ltj.adjust_icflag' at position 1 in `pre_linebreak_filter'.
Inserting `ltj.set_stack_level' at position 2 in `pre_linebreak_filter'.
Inserting `luaotfload.node_processor' at position 3 in `pre_linebreak_filter'.
Inserting `ltj.main' at position 4 in `pre_linebreak_filter'.
Removing  `ltj.set_stack_level' from `hpack_filter'.
Removing  `luaotfload.node_processor' from `hpack_filter'.
Removing  `ltj.main' from `hpack_filter'.
Removing  `ltj.create_dir_whatsit' from `hpack_filter'.
Inserting `ltj.adjust_icflag' at position 1 in `hpack_filter'.
Inserting `ltj.set_stack_level' at position 2 in `hpack_filter'.
Inserting `luaotfload.node_processor' at position 3 in `hpack_filter'.
Inserting `ltj.main' at position 4 in `hpack_filter'.
Inserting `ltj.create_dir_whatsit' at position 5 in `hpack_filter'.
(C:/Users/15567/AppData/Roaming/MiKTeX/2.9/tex/luatex/luatexja/ltj-base.sty
Package: ltj-base 2017/05/05
\ltj@tempcntb=\count184
\ltj@tempcntc=\count185
\ltj@tempdima=\dimen139
\ltj@afbox=\box48
)
\ltj@@italic@inner=\luafunction1
\ltj@@jfont@inner=\luafunction2
\ltj@zw@inner=\luafunction3
\ltj@zh@inner=\luafunction4
\ltj@reset@globaldefs@inner=\luafunction5
\ltj@restore@globaldefs@inner=\luafunction6
\ltj@@ihb@inner=\luafunction7
\ltj@@fakeparbegin@inner=\luafunction8
\ltj@@fakeboxbdd@inner=\luafunction9
\ltj@@stack=\count186
\ltj@@group@level=\count187
\ltjsetkanjiskip@inner=\luafunction10
\ltjsetxkanjiskip@inner=\luafunction11
\ltj@alljachar@inner=\luafunction12
\ltj@@box@dirhook=\luafunction13
\ltj@@reset@badness@inner=\luafunction14
\ltj@temp@cctb=\catcodetable7
)
(C:/Users/15567/AppData/Roaming/MiKTeX/2.9/tex/luatex/luatexja/luatexja-compat.
sty
Package: luatexja-compat 2018/03/29 Compatibility with pTeX
(load cache: C:/Users/15567/AppData/Local/MiKTeX/2.9/luatexja/ltj-jisx0208.luc)
\hour=\count188
\minute=\count189
)) ("C:/Program Files/MiKTeX 2.9/tex/latex/fontspec/fontspec.sty"
Package: fontspec 2020/02/03 v2.7h Font selection for XeLaTeX and LuaLaTeX
Lua module: fontspec 2020/02/03 2.7h Font selection for XeLaTeX and LuaLaTeX
("C:/Program Files/MiKTeX 2.9/tex/latex/fontspec/fontspec-luatex.sty"
Package: fontspec-luatex 2020/02/03 v2.7h Font selection for XeLaTeX and LuaLaTe
X
\l__fontspec_script_int=\count190
\l__fontspec_language_int=\count191
\l__fontspec_strnum_int=\count192
\l__fontspec_tmp_int=\count193
\l__fontspec_tmpa_int=\count194
\l__fontspec_tmpb_int=\count195
\l__fontspec_tmpc_int=\count196
\l__fontspec_em_int=\count197
\l__fontspec_emdef_int=\count198
\l__fontspec_strong_int=\count199
\l__fontspec_strongdef_int=\count266
\l__fontspec_tmpa_dim=\dimen140
\l__fontspec_tmpb_dim=\dimen141
\l__fontspec_tmpc_dim=\dimen142

("C:/Program Files/MiKTeX 2.9/tex/latex/base/fontenc.sty"
Package: fontenc 2020/02/11 v2.0o Standard LaTeX package
)
("C:/Program Files/MiKTeX 2.9/tex/latex/fontspec/fontspec.cfg")))
(C:/Users/15567/AppData/Roaming/MiKTeX/2.9/tex/xelatex/xecjk/xunicode-addon.sty
Package: xunicode-addon 2020/02/14 v3.8.1 addon file for xunicode
(C:/Users/15567/AppData/Roaming/MiKTeX/2.9/tex/xelatex/xunicode/xunicode.sty
File: xunicode.sty 2011/09/09 v0.981 provides access to latin accents and many o
ther characters in Unicode lower plane

(C:/Users/15567/AppData/Roaming/MiKTeX/2.9/tex/latex/tipa/t3enc.def
File: t3enc.def 2001/12/31 T3 encoding
)
\tipaTiiicode=\count267
\tipasavetokens=\toks23
\tipachecktokens=\toks24

("C:/Program Files/MiKTeX 2.9/tex/latex/graphics/graphicx.sty"
Package: graphicx 2019/11/30 v1.2a Enhanced LaTeX Graphics (DPC,SPQR)

("C:/Program Files/MiKTeX 2.9/tex/latex/graphics/graphics.sty"
Package: graphics 2019/11/30 v1.4a Standard LaTeX Graphics (DPC,SPQR)

("C:/Program Files/MiKTeX 2.9/tex/latex/graphics/trig.sty"
Package: trig 2016/01/03 v1.10 sin cos tan (DPC)
)
("C:/Program Files/MiKTeX 2.9/tex/latex/graphics-cfg/graphics.cfg"
File: graphics.cfg 2016/06/04 v1.11 sample graphics configuration
)
Package graphics Info: Driver file: luatex.def on input line 105.

("C:/Program Files/MiKTeX 2.9/tex/latex/graphics-def/luatex.def"
File: luatex.def 2018/01/08 v1.0l Graphics/color driver for luatex
))
\Gin@req@height=\dimen143
\Gin@req@width=\dimen144
))
\l__xunadd_tmp_coffin=\box49
\l__xunadd_circle_coffin=\box50
\l_xunadd_slot_int=\count268
)
(C:/Users/15567/AppData/Roaming/MiKTeX/2.9/tex/xelatex/xunicode/xunicode.sty
File: xunicode.sty 2011/09/09 v0.981 provides access to latin accents and many o
ther characters in Unicode lower plane

*** Reloading Xunicode for encoding 'TU' ***
)
(C:/Users/15567/AppData/Roaming/MiKTeX/2.9/tex/xelatex/xecjk/xunicode-extra.def
File: xunicode-extra.def 2020/02/14 v3.8.1 extra definition for xunicode
)
\symCJKmath=\mathgroup4
LaTeX Font Info:    Overwriting symbol font `CJKmath' in version `bold'
(Font)                  LTJY3/song/m/up --> LTJY3/song/b/up on input line 330.
\g__ctex_ltj_family_int=\count269


Package ctex Warning: Functions of `CJKfntef' is not available in LuaLaTeX.

\ccwd=\dimen145
\l__ctex_ccglue_skip=\skip49

LaTeX Font Warning: Font shape `LTJY3/song/m/n' undefined
(Font)              using `LTJY3/song/m/up' instead on input line 1106.

(load cache: C:/Users/15567/AppData/Local/MiKTeX/2.9/luatexja/ltj-cid-auto-adobe
-gb1.luc)
(C:/Users/15567/AppData/Roaming/MiKTeX/2.9/tex/luatex/luatexja/jfm-quanjiao.lua)
\l__ctex_xkanjiskip_skip=\skip50
\cht=\dimen146
\cdp=\dimen147
\cwd=\dimen148
\g__ctex_kanjisize_func=\luafunction15
)
\l__ctex_ziju_dim=\dimen149
 (C:/Users/15567/AppData/Roaming/MiKTeX/2.9/tex/latex/zhnumber/zhnumber.sty
Package: zhnumber 2019/04/07 v2.7 Typesetting numbers with Chinese glyphs
\l__zhnum_scale_int=\count270

(C:/Users/15567/AppData/Roaming/MiKTeX/2.9/tex/latex/zhnumber/zhnumber-utf8.cfg
File: zhnumber-utf8.cfg 2019/04/07 v2.7 Chinese numerals with UTF8 encoding
))
\l__ctex_heading_skip=\skip51

(C:/Users/15567/AppData/Roaming/MiKTeX/2.9/tex/latex/ctex/scheme/ctex-scheme-ch
inese-article.def
File: ctex-scheme-chinese-article.def 2019/05/29 v2.4.16 Chinese scheme for arti
cle (CTEX)

(C:/Users/15567/AppData/Roaming/MiKTeX/2.9/tex/latex/ctex/config/ctex-name-utf8
.cfg
File: ctex-name-utf8.cfg 2019/05/29 v2.4.16 Caption with encoding UTF8 (CTEX)
))
(C:/Users/15567/AppData/Roaming/MiKTeX/2.9/tex/latex/ctex/ctex-c5size.clo
File: ctex-c5size.clo 2019/05/29 v2.4.16 c5size option (CTEX)
)
(C:/Users/15567/AppData/Roaming/MiKTeX/2.9/tex/latex/ctex/fontset/ctex-fontset-
windows.def
File: ctex-fontset-windows.def 2019/05/29 v2.4.16 Windows fonts definition (CTEX
)

(C:/Users/15567/AppData/Roaming/MiKTeX/2.9/tex/latex/ctex/fontset/ctex-fontset-
windowsnew.def
File: ctex-fontset-windowsnew.def 2019/05/29 v2.4.16 Windows fonts definition fo
r Vista or later version (CTEX)
)))
(C:/Users/15567/AppData/Roaming/MiKTeX/2.9/tex/latex/ctex/config/ctex.cfg
File: ctex.cfg 2019/05/29 v2.4.16 Configuration file (CTEX)
)
(C:/Users/15567/AppData/Roaming/MiKTeX/2.9/tex/latex/geometry/geometry.sty
Package: geometry 2020/01/02 v5.9 Page Geometry

("C:/Program Files/MiKTeX 2.9/tex/generic/iftex/ifvtex.sty"
Package: ifvtex 2019/10/25 v1.7 ifvtex legacy package. Use iftex instead.
)
\Gm@cnth=\count271
\Gm@cntv=\count272
\c@Gm@tempcnt=\count273
\Gm@bindingoffset=\dimen150
\Gm@wd@mp=\dimen151
\Gm@odd@mp=\dimen152
\Gm@even@mp=\dimen153
\Gm@layoutwidth=\dimen154
\Gm@layoutheight=\dimen155
\Gm@layouthoffset=\dimen156
\Gm@layoutvoffset=\dimen157
\Gm@dimlist=\toks25

(C:/Users/15567/AppData/Roaming/MiKTeX/2.9/tex/latex/geometry/geometry.cfg))
(C:/Users/15567/AppData/Roaming/MiKTeX/2.9/tex/latex/caption/caption.sty
Package: caption 2020/01/03 v3.4h Customizing captions (AR)

(C:/Users/15567/AppData/Roaming/MiKTeX/2.9/tex/latex/caption/caption3.sty
Package: caption3 2020/01/03 v1.8h caption3 kernel (AR)
Package caption3 Info: TeX engine: e-TeX on input line 61.
\captionmargin=\dimen158
\captionmargin@=\dimen159
\captionwidth=\dimen160
\caption@tempdima=\dimen161
\caption@indent=\dimen162
\caption@parindent=\dimen163
\caption@hangindent=\dimen164
Package caption Info: Standard document class detected.
)
\c@caption@flags=\count274
\c@continuedfloat=\count275
)
(C:/Users/15567/AppData/Roaming/MiKTeX/2.9/tex/latex/changepage/changepage.sty
Package: changepage 2009/10/20 v1.0c check page and change page layout
\c@cp@cntr=\count276
\cp@tempcnt=\count277
) ("C:/Program Files/MiKTeX 2.9/tex/latex/tools/array.sty"
Package: array 2019/08/31 v2.4l Tabular extension package (FMi)
\col@sep=\dimen165
\ar@mcellbox=\box51
\extrarowheight=\dimen166
\NC@list=\toks26
\extratabsurround=\skip52
\backup@length=\skip53
\ar@cellbox=\box52
)
(C:/Users/15567/AppData/Roaming/MiKTeX/2.9/tex/latex/fancyhdr/fancyhdr.sty
Package: fancyhdr 2019/01/31 v3.10 Extensive control of page headers and footers

\f@nch@headwidth=\skip54
\f@nch@O@elh=\skip55
\f@nch@O@erh=\skip56
\f@nch@O@olh=\skip57
\f@nch@O@orh=\skip58
\f@nch@O@elf=\skip59
\f@nch@O@erf=\skip60
\f@nch@O@olf=\skip61
\f@nch@O@orf=\skip62
)
("C:/Program Files/MiKTeX 2.9/tex/latex/listings/listings.sty"
\lst@mode=\count278
\lst@gtempboxa=\box53
\lst@token=\toks27
\lst@length=\count279
\lst@currlwidth=\dimen167
\lst@column=\count280
\lst@pos=\count281
\lst@lostspace=\dimen168
\lst@width=\dimen169
\lst@newlines=\count282
\lst@lineno=\count283
\lst@maxwidth=\dimen170

("C:/Program Files/MiKTeX 2.9/tex/latex/listings/lstmisc.sty"
File: lstmisc.sty 2019/09/10 1.8c (Carsten Heinz)
\c@lstnumber=\count284
\lst@skipnumbers=\count285
\lst@framebox=\box54
)
("C:/Program Files/MiKTeX 2.9/tex/latex/listings/listings.cfg"
File: listings.cfg 2019/09/10 1.8c listings configuration
))
Package: listings 2019/09/10 1.8c (Carsten Heinz)

(C:/Users/15567/AppData/Roaming/MiKTeX/2.9/tex/luatex/luatexja/patches/lltjp-li
stings.sty
(C:/Users/15567/AppData/Roaming/MiKTeX/2.9/tex/luatex/luatexbase/luatexbase-cct
b.sty
Package: luatexbase-cctb 2015/10/04 v1.3 luatexbase interface to LuaTeX (legacy 
subpackage) 
)
\CatcodeTableLTJlistings=\catcodetable8
\ltj@lst@frame@lslimit=\dimen171
 ("C:/Program Files/MiKTeX 2.9/tex/latex/listings/lstmisc.sty"
File: lstmisc.sty 2019/09/10 1.8c (Carsten Heinz)
\lst@WFtoken=\toks28
\lst@WF=\write3
))
luaotfload | cache : Lookup cache loaded from C:/Users/15567/AppData/Local/MiKTe
X/2.9/luatex-cache/generic-dev/names/luaotfload-lookup-cache.luc.
luaotfload | aux : font no 40 (nil) does not define feature smcp for script latn
 with language dflt
luaotfload | aux : font no 41 (nil) does not define feature smcp for script latn
 with language dflt
luaotfload | aux : font no 42 (nil) does not define feature smcp for script latn
 with language dflt
luaotfload | aux : font no 43 (nil) does not define feature smcp for script latn
 with language dflt

Package fontspec Info: Font family 'CourierNew(0)' created for font 'Courier
(fontspec)             New' with options
(fontspec)             [WordSpace={1,0,0},HyphenChar=None,PunctuationSpace=WordS
pace].
(fontspec)              
(fontspec)              This font family consists of the following NFSS
(fontspec)             series/shapes:
(fontspec)              
(fontspec)             - 'normal' (m/n) with NFSS spec.:
(fontspec)             <->"CourierNew:mode=node;script=latn;language=dflt;"
(fontspec)             - 'small caps'  (m/sc) with NFSS spec.: 
(fontspec)             and font adjustment code:
(fontspec)             \fontdimen 2\font =1\fontdimen 2\font \fontdimen 3\font
(fontspec)             =0\fontdimen 3\font \fontdimen 4\font =0\fontdimen
(fontspec)             4\font \fontdimen 7\font =0\fontdimen 2\font
(fontspec)             \tex_hyphenchar:D \font =-1\scan_stop: 
(fontspec)             - 'bold' (b/n) with NFSS spec.:
(fontspec)             <->"CourierNew/B:mode=node;script=latn;language=dflt;"
(fontspec)             - 'bold small caps'  (b/sc) with NFSS spec.: 
(fontspec)             and font adjustment code:
(fontspec)             \fontdimen 2\font =1\fontdimen 2\font \fontdimen 3\font
(fontspec)             =0\fontdimen 3\font \fontdimen 4\font =0\fontdimen
(fontspec)             4\font \fontdimen 7\font =0\fontdimen 2\font
(fontspec)             \tex_hyphenchar:D \font =-1\scan_stop: 
(fontspec)             - 'italic' (m/it) with NFSS spec.:
(fontspec)             <->"CourierNew/I:mode=node;script=latn;language=dflt;"
(fontspec)             - 'italic small caps'  (m/scit) with NFSS spec.: 
(fontspec)             and font adjustment code:
(fontspec)             \fontdimen 2\font =1\fontdimen 2\font \fontdimen 3\font
(fontspec)             =0\fontdimen 3\font \fontdimen 4\font =0\fontdimen
(fontspec)             4\font \fontdimen 7\font =0\fontdimen 2\font
(fontspec)             \tex_hyphenchar:D \font =-1\scan_stop: 
(fontspec)             - 'bold italic' (b/it) with NFSS spec.:
(fontspec)             <->"CourierNew/BI:mode=node;script=latn;language=dflt;"
(fontspec)             - 'bold italic small caps'  (b/scit) with NFSS spec.: 
(fontspec)             and font adjustment code:
(fontspec)             \fontdimen 2\font =1\fontdimen 2\font \fontdimen 3\font
(fontspec)             =0\fontdimen 3\font \fontdimen 4\font =0\fontdimen
(fontspec)             4\font \fontdimen 7\font =0\fontdimen 2\font
(fontspec)             \tex_hyphenchar:D \font =-1\scan_stop: 


(C:/Users/15567/AppData/Roaming/MiKTeX/2.9/tex/latex/stmaryrd/stmaryrd.sty
Package: stmaryrd 1994/03/03 St Mary's Road symbol package
\symstmry=\mathgroup5
LaTeX Font Info:    Overwriting symbol font `stmry' in version `bold'
(Font)                  U/stmry/m/n --> U/stmry/b/n on input line 89.
)
(C:/Users/15567/AppData/Roaming/MiKTeX/2.9/tex/latex/mathtools/mathtools.sty
Package: mathtools 2020/01/17 v1.23 mathematical typesetting tools

("C:/Program Files/MiKTeX 2.9/tex/latex/tools/calc.sty"
Package: calc 2017/05/25 v4.3 Infix arithmetic (KKT,FJ)
\calc@Acount=\count286
\calc@Bcount=\count287
\calc@Adimen=\dimen172
\calc@Bdimen=\dimen173
\calc@Askip=\skip63
\calc@Bskip=\skip64
LaTeX Info: Redefining \setlength on input line 80.
LaTeX Info: Redefining \addtolength on input line 81.
\calc@Ccount=\count288
\calc@Cskip=\skip65
)
(C:/Users/15567/AppData/Roaming/MiKTeX/2.9/tex/latex/mathtools/mhsetup.sty
Package: mhsetup 2017/03/31 v1.3 programming setup (MH)
)
("C:/Program Files/MiKTeX 2.9/tex/latex/amsmath/amsmath.sty"
Package: amsmath 2020/01/20 v2.17e AMS math features
\@mathmargin=\skip66

For additional information on amsmath, use the `?' option.
("C:/Program Files/MiKTeX 2.9/tex/latex/amsmath/amstext.sty"
Package: amstext 2000/06/29 v2.01 AMS text

("C:/Program Files/MiKTeX 2.9/tex/latex/amsmath/amsgen.sty"
File: amsgen.sty 1999/11/30 v2.0 generic functions
\@emptytoks=\toks29
\ex@=\dimen174
))
("C:/Program Files/MiKTeX 2.9/tex/latex/amsmath/amsbsy.sty"
Package: amsbsy 1999/11/29 v1.2d Bold Symbols
\pmbraise@=\dimen175
)
("C:/Program Files/MiKTeX 2.9/tex/latex/amsmath/amsopn.sty"
Package: amsopn 2016/03/08 v2.02 operator names
)
\inf@bad=\count289
LaTeX Info: Redefining \frac on input line 227.
\uproot@=\count290
\leftroot@=\count291
LaTeX Info: Redefining \overline on input line 389.
\classnum@=\count292
\DOTSCASE@=\count293
LaTeX Info: Redefining \ldots on input line 486.
LaTeX Info: Redefining \dots on input line 489.
LaTeX Info: Redefining \cdots on input line 610.
\Mathstrutbox@=\box55
\strutbox@=\box56
\big@size=\dimen176
LaTeX Font Info:    Redeclaring font encoding OML on input line 733.
LaTeX Font Info:    Redeclaring font encoding OMS on input line 734.
\macc@depth=\count294
\c@MaxMatrixCols=\count295
\dotsspace@=\muskip16
\c@parentequation=\count296
\dspbrk@lvl=\count297
\tag@help=\toks30
\row@=\count298
\column@=\count299
\maxfields@=\count300
\andhelp@=\toks31
\eqnshift@=\dimen177
\alignsep@=\dimen178
\tagshift@=\dimen179
\tagwidth@=\dimen180
\totwidth@=\dimen181
\lineht@=\dimen182
\@envbody=\toks32
\multlinegap=\skip67
\multlinetaggap=\skip68
\mathdisplay@stack=\toks33
LaTeX Info: Redefining \[ on input line 2859.
LaTeX Info: Redefining \] on input line 2860.
)
LaTeX Info: Thecontrolsequence`\('isalreadyrobust on input line 129.
LaTeX Info: Thecontrolsequence`\)'isalreadyrobust on input line 129.
LaTeX Info: Thecontrolsequence`\['isalreadyrobust on input line 129.
LaTeX Info: Thecontrolsequence`\]'isalreadyrobust on input line 129.
\g_MT_multlinerow_int=\count301
\l_MT_multwidth_dim=\dimen183
\origjot=\skip69
\l_MT_shortvdotswithinadjustabove_dim=\dimen184
\l_MT_shortvdotswithinadjustbelow_dim=\dimen185
\l_MT_above_intertext_sep=\dimen186
\l_MT_below_intertext_sep=\dimen187
\l_MT_above_shortintertext_sep=\dimen188
\l_MT_below_shortintertext_sep=\dimen189
)
(C:/Users/15567/AppData/Roaming/MiKTeX/2.9/tex/latex/enumitem/enumitem.sty
Package: enumitem 2019/06/20 v3.9 Customized lists
\enitkv@toks@=\toks34
\labelindent=\skip70
\enit@outerparindent=\dimen190
\enit@toks=\toks35
\enit@inbox=\box57
\enit@count@id=\count302
\enitdp@description=\count303
)
("C:/Program Files/MiKTeX 2.9/tex/latex/tools/tabularx.sty"
Package: tabularx 2020/01/15 v2.11c `tabularx' package (DPC)
\TX@col@width=\dimen191
\TX@old@table=\dimen192
\TX@old@col=\dimen193
\TX@target=\dimen194
\TX@delta=\dimen195
\TX@cols=\count304
\TX@ftn=\toks36
)
(C:/Users/15567/AppData/Roaming/MiKTeX/2.9/tex/latex/multirow/multirow.sty
Package: multirow 2019/05/31 v2.5 Span multiple rows of a table
\multirow@colwidth=\skip71
\multirow@cntb=\count305
\multirow@dima=\skip72
\bigstrutjot=\dimen196
)
("C:/Program Files/MiKTeX 2.9/tex/latex/url/url.sty"
\Urlmuskip=\muskip17
Package: url 2013/09/16  ver 3.4  Verb mode for urls, etc.
)
(C:/Users/15567/AppData/Roaming/MiKTeX/2.9/tex/latex/lipsum/lipsum.sty
Package: lipsum 2019/01/02 v2.2 150 paragraphs of Lorem Ipsum dummy text

(C:/Users/15567/AppData/Roaming/MiKTeX/2.9/tex/latex/lipsum/lipsum.ltd.tex
File: lipsum.ltd.tex 2019/01/02 v2.2 The Lorem ipsum dummy text
))
(C:/Users/15567/AppData/Roaming/MiKTeX/2.9/tex/latex/tocloft/tocloft.sty
Package: tocloft 2017/08/31 v2.3i parameterised ToC, etc., typesetting
Package tocloft Info: The document has section divisions on input line 51.
\cftparskip=\skip73
\cftbeforetoctitleskip=\skip74
\cftaftertoctitleskip=\skip75
\cftbeforepartskip=\skip76
\cftpartnumwidth=\skip77
\cftpartindent=\skip78
\cftbeforesecskip=\skip79
\cftsecindent=\skip80
\cftsecnumwidth=\skip81
\cftbeforesubsecskip=\skip82
\cftsubsecindent=\skip83
\cftsubsecnumwidth=\skip84
\cftbeforesubsubsecskip=\skip85
\cftsubsubsecindent=\skip86
\cftsubsubsecnumwidth=\skip87
\cftbeforeparaskip=\skip88
\cftparaindent=\skip89
\cftparanumwidth=\skip90
\cftbeforesubparaskip=\skip91
\cftsubparaindent=\skip92
\cftsubparanumwidth=\skip93
\cftbeforeloftitleskip=\skip94
\cftafterloftitleskip=\skip95
\cftbeforefigskip=\skip96
\cftfigindent=\skip97
\cftfignumwidth=\skip98
\c@lofdepth=\count306
\c@lotdepth=\count307
\cftbeforelottitleskip=\skip99
\cftafterlottitleskip=\skip100
\cftbeforetabskip=\skip101
\cfttabindent=\skip102
\cfttabnumwidth=\skip103
)
(C:/Users/15567/AppData/Roaming/MiKTeX/2.9/tex/latex/lastpage/lastpage.sty
Package: lastpage 2015/03/29 v1.2m Refers to last page's name (HMM; JPG)
)
(C:/Users/15567/AppData/Roaming/MiKTeX/2.9/tex/latex/ulem/ulem.sty
\UL@box=\box58
\UL@hyphenbox=\box59
\UL@skip=\skip104
\UL@hook=\toks37
\UL@height=\dimen197
\UL@pe=\count308
\UL@pixel=\dimen198
\ULC@box=\box60
Package: ulem 2019/11/18
\ULdepth=\dimen199
)
(C:/Users/15567/AppData/Roaming/MiKTeX/2.9/tex/latex/booktabs/booktabs.sty
Package: booktabs 2020/01/12 v1.61803398 Publication quality tables
\heavyrulewidth=\dimen256
\lightrulewidth=\dimen257
\cmidrulewidth=\dimen258
\belowrulesep=\dimen259
\belowbottomsep=\dimen260
\aboverulesep=\dimen261
\abovetopsep=\dimen262
\cmidrulesep=\dimen263
\cmidrulekern=\dimen264
\defaultaddspace=\dimen265
\@cmidla=\count309
\@cmidlb=\count310
\@aboverulesep=\dimen266
\@belowrulesep=\dimen267
\@thisruleclass=\count311
\@lastruleclass=\count312
\@thisrulewidth=\dimen268
)
(C:/Users/15567/AppData/Roaming/MiKTeX/2.9/tex/latex/floatrow/floatrow.sty
Package: floatrow 2008/08/02 v0.3b floatrow: float package extension
\c@float@type=\count313
\float@exts=\toks38
\float@box=\box61
\@floatcapt=\box62
Package floatrow Info: Modified float package code loaded on input line 455.
Package floatrow Info: Modified rotfloat package code loaded on input line 473.
\FR@everyfloat=\toks39
\flrow@foot=\insert252
\FB@wd=\dimen269
\FBo@wd=\dimen270
\FBc@wd=\dimen271
\FBo@ht=\skip105
\FBc@ht=\skip106
\FBf@ht=\skip107
\FBo@max=\skip108
\FBc@max=\skip109
\FBf@max=\skip110
\c@FBl@b=\count314
\floatbox@depth=\count315
\c@FRobj=\count316
\c@FRsobj=\count317
\Xhsize=\skip111
\sXhsize=\skip112
\Zhsize=\skip113
\sZhsize=\skip114
\flrow@rowbox=\box63
\FR@Zunitlength=\dimen272
\c@FBcnt=\count318
\FPOScnt=\count319
\LTleft=\skip115
\LTright=\skip116
\LTleft=\skip117
\LTright=\skip118
\flrow@types=\toks40
)
("C:/Program Files/MiKTeX 2.9/tex/latex/xcolor/xcolor.sty"
Package: xcolor 2016/05/11 v2.12 LaTeX color extensions (UK)

("C:/Program Files/MiKTeX 2.9/tex/latex/graphics-cfg/color.cfg"
File: color.cfg 2016/01/02 v1.6 sample color configuration
)
Package xcolor Info: Driver file: luatex.def on input line 225.
Package xcolor Info: Model `cmy' substituted by `cmy0' on input line 1348.
Package xcolor Info: Model `hsb' substituted by `rgb' on input line 1352.
Package xcolor Info: Model `RGB' extended on input line 1364.
Package xcolor Info: Model `HTML' substituted by `rgb' on input line 1366.
Package xcolor Info: Model `Hsb' substituted by `hsb' on input line 1367.
Package xcolor Info: Model `tHsb' substituted by `hsb' on input line 1368.
Package xcolor Info: Model `HSB' substituted by `hsb' on input line 1369.
Package xcolor Info: Model `Gray' substituted by `gray' on input line 1370.
Package xcolor Info: Model `wave' substituted by `hsb' on input line 1371.
)
("C:/Program Files/MiKTeX 2.9/tex/latex/amsfonts/amssymb.sty"
Package: amssymb 2013/01/14 v3.01 AMS font symbols

("C:/Program Files/MiKTeX 2.9/tex/latex/amsfonts/amsfonts.sty"
Package: amsfonts 2013/01/14 v3.01 Basic AMSFonts support
\symAMSa=\mathgroup6
\symAMSb=\mathgroup7
LaTeX Font Info:    Redeclaring math symbol \hbar on input line 98.
LaTeX Font Info:    Overwriting math alphabet `\mathfrak' in version `bold'
(Font)                  U/euf/m/n --> U/euf/b/n on input line 106.
)
LaTeX Font Info:    Redeclaring math symbol \boxdot on input line 44.
)
("C:/Program Files/MiKTeX 2.9/tex/latex/ragged2e/ragged2e.sty"
Package: ragged2e 2019/07/28 v2.2 ragged2e Package (MS)
\CenteringLeftskip=\skip119
\RaggedLeftLeftskip=\skip120
\RaggedRightLeftskip=\skip121
\CenteringRightskip=\skip122
\RaggedLeftRightskip=\skip123
\RaggedRightRightskip=\skip124
\CenteringParfillskip=\skip125
\RaggedLeftParfillskip=\skip126
\RaggedRightParfillskip=\skip127
\JustifyingParfillskip=\skip128
\CenteringParindent=\skip129
\RaggedLeftParindent=\skip130
\RaggedRightParindent=\skip131
\JustifyingParindent=\skip132
)
("C:/Program Files/MiKTeX 2.9/tex/latex/tools/indentfirst.sty"
Package: indentfirst 1995/11/23 v1.03 Indent first paragraph (DPC)
)
("C:/Program Files/MiKTeX 2.9/tex/latex/tools/bm.sty"
Package: bm 2019/07/24 v1.2d Bold Symbol Support (DPC/FMi)
\symboldoperators=\mathgroup8
\symboldletters=\mathgroup9
\symboldsymbols=\mathgroup10
\symboldCJKmath=\mathgroup11
LaTeX Font Info:    Redeclaring math alphabet \mathbf on input line 141.
LaTeX Info: Redefining \bm on input line 209.
)
(C:/Users/15567/AppData/Roaming/MiKTeX/2.9/tex/latex/titlesec/titlesec.sty
Package: titlesec 2019/10/16 v2.13 Sectioning titles
\ttl@box=\box64
\beforetitleunit=\skip133
\aftertitleunit=\skip134
\ttl@plus=\dimen273
\ttl@minus=\dimen274
\ttl@toksa=\toks41
\titlewidth=\dimen275
\titlewidthlast=\dimen276
\titlewidthfirst=\dimen277
)
("C:/Program Files/MiKTeX 2.9/tex/latex/listings/lstlang1.sty"
File: lstlang1.sty 2019/09/10 1.8c listings language file
)

Package fontspec Info: Could not resolve font "KaiTi/B" (it probably doesn't
(fontspec)             exist).


Package fontspec Info: Could not resolve font "SimHei/I" (it probably doesn't
(fontspec)             exist).


Package fontspec Info: Could not resolve font "SimSun/BI" (it probably doesn't
(fontspec)             exist).

luaotfload | aux : font no 50 (nil) does not define feature smcp for script latn
 with language dflt
luaotfload | aux : font no 51 (nil) does not define feature smcp for script latn
 with language dflt
luaotfload | aux : font no 52 (nil) does not define feature smcp for script latn
 with language dflt

Package fontspec Info: Font family 'SimSun(0)' created for font 'SimSun' with
(fontspec)             options
(fontspec)             [JFM=quanjiao,BoldFont={SimHei},ItalicFont={KaiTi},LTJFON
TUID=1].
(fontspec)              
(fontspec)              This font family consists of the following NFSS
(fontspec)             series/shapes:
(fontspec)              
(fontspec)             - 'normal' (m/n) with NFSS spec.:
(fontspec)             <->"SimSun:mode=node;script=latn;language=dflt;jfm=quanji
ao;"
(fontspec)             - 'small caps'  (m/sc) with NFSS spec.: 
(fontspec)             - 'bold' (b/n) with NFSS spec.:
(fontspec)             <->"SimHei:mode=node;script=latn;language=dflt;jfm=quanji
ao;"
(fontspec)             - 'bold small caps'  (b/sc) with NFSS spec.: 
(fontspec)             - 'italic' (m/it) with NFSS spec.:
(fontspec)             <->"KaiTi:mode=node;script=latn;language=dflt;jfm=quanjia
o;"
(fontspec)             - 'italic small caps'  (m/scit) with NFSS spec.: 

LaTeX Font Info:    Redeclaring symbol font `CJKmath' on input line 133.
LaTeX Font Info:    Overwriting symbol font `CJKmath' in version `normal'
(Font)                  LTJY3/song/m/up --> LTJY3/SimSun(0)/m/up on input line 1
33.
LaTeX Font Info:    Overwriting symbol font `CJKmath' in version `bold'
(Font)                  LTJY3/song/b/up --> LTJY3/SimSun(0)/m/up on input line 1
33.
LaTeX Font Info:    Overwriting symbol font `CJKmath' in version `bold'
(Font)                  LTJY3/SimSun(0)/m/up --> LTJY3/SimSun(0)/m/up on input l
ine 133.


LaTeX Warning: Unused global option(s):
    [13pt].

(./paper-version0.6.aux

LaTeX Warning: Label `eq_pagerank' multiply defined.


LaTeX Warning: Label `eq_pagerank' multiply defined.


LaTeX Warning: Label `eq_pagerank' multiply defined.


LaTeX Warning: Label `eq_pagerank' multiply defined.


LaTeX Warning: Label `spread_rate' multiply defined.


LaTeX Warning: Label `spread_rate' multiply defined.


LaTeX Warning: Label `eq_pagerank' multiply defined.


LaTeX Warning: Label `eq_pagerank' multiply defined.


LaTeX Warning: Label `eq_pagerank' multiply defined.


LaTeX Warning: Label `spread_rate' multiply defined.


LaTeX Warning: Label `eq_pagerank' multiply defined.


LaTeX Warning: Label `spread_rate' multiply defined.


LaTeX Warning: Label `eq_pagerank' multiply defined.


LaTeX Warning: Label `eq_pagerank' multiply defined.


LaTeX Warning: Label `spread_rate' multiply defined.


LaTeX Warning: Label `spread_rate' multiply defined.

)
\openout1 = paper-version0.6.aux

LaTeX Font Info:    Checking defaults for OML/cmm/m/it on input line 133.
LaTeX Font Info:    ... okay on input line 133.
LaTeX Font Info:    Checking defaults for OMS/cmsy/m/n on input line 133.
LaTeX Font Info:    ... okay on input line 133.
LaTeX Font Info:    Checking defaults for OT1/cmr/m/n on input line 133.
LaTeX Font Info:    ... okay on input line 133.
LaTeX Font Info:    Checking defaults for T1/cmr/m/n on input line 133.
LaTeX Font Info:    ... okay on input line 133.
LaTeX Font Info:    Checking defaults for TS1/cmr/m/n on input line 133.
LaTeX Font Info:    ... okay on input line 133.
LaTeX Font Info:    Checking defaults for TU/lmr/m/n on input line 133.
LaTeX Font Info:    ... okay on input line 133.
LaTeX Font Info:    Checking defaults for OMX/cmex/m/n on input line 133.
LaTeX Font Info:    ... okay on input line 133.
LaTeX Font Info:    Checking defaults for U/cmr/m/n on input line 133.
LaTeX Font Info:    ... okay on input line 133.
LaTeX Font Info:    Checking defaults for T3/cmr/m/n on input line 133.
LaTeX Font Info:    Trying to load font information for T3+cmr on input line 133
.
 (C:/Users/15567/AppData/Roaming/MiKTeX/2.9/tex/latex/tipa/t3cmr.fd
File: t3cmr.fd 2001/12/31 TIPA font definitions
)
LaTeX Font Info:    ... okay on input line 133.
LaTeX Font Info:    Checking defaults for LTJY3/song/m/up on input line 133.
LaTeX Font Info:    ... okay on input line 133.

ABD: EverySelectfont initializing macros
LaTeX Info: Redefining \selectfont on input line 133.

Package fontspec Info: Adjusting the maths setup (use [no-math] to avoid
(fontspec)             this).

\symlegacymaths=\mathgroup12
LaTeX Font Info:    Overwriting symbol font `legacymaths' in version `bold'
(Font)                  OT1/cmr/m/n --> OT1/cmr/bx/n on input line 133.
LaTeX Font Info:    Redeclaring math accent \acute on input line 133.
LaTeX Font Info:    Redeclaring math accent \grave on input line 133.
LaTeX Font Info:    Redeclaring math accent \ddot on input line 133.
LaTeX Font Info:    Redeclaring math accent \tilde on input line 133.
LaTeX Font Info:    Redeclaring math accent \bar on input line 133.
LaTeX Font Info:    Redeclaring math accent \breve on input line 133.
LaTeX Font Info:    Redeclaring math accent \check on input line 133.
LaTeX Font Info:    Redeclaring math accent \hat on input line 133.
LaTeX Font Info:    Redeclaring math accent \dot on input line 133.
LaTeX Font Info:    Redeclaring math accent \mathring on input line 133.
LaTeX Font Info:    Redeclaring math symbol \Gamma on input line 133.
LaTeX Font Info:    Redeclaring math symbol \Delta on input line 133.
LaTeX Font Info:    Redeclaring math symbol \Theta on input line 133.
LaTeX Font Info:    Redeclaring math symbol \Lambda on input line 133.
LaTeX Font Info:    Redeclaring math symbol \Xi on input line 133.
LaTeX Font Info:    Redeclaring math symbol \Pi on input line 133.
LaTeX Font Info:    Redeclaring math symbol \Sigma on input line 133.
LaTeX Font Info:    Redeclaring math symbol \Upsilon on input line 133.
LaTeX Font Info:    Redeclaring math symbol \Phi on input line 133.
LaTeX Font Info:    Redeclaring math symbol \Psi on input line 133.
LaTeX Font Info:    Redeclaring math symbol \Omega on input line 133.
LaTeX Font Info:    Redeclaring math symbol \mathdollar on input line 133.
LaTeX Font Info:    Redeclaring symbol font `operators' on input line 133.
LaTeX Font Info:    Encoding `OT1' has changed to `TU' for symbol font
(Font)              `operators' in the math version `normal' on input line 133.
LaTeX Font Info:    Overwriting symbol font `operators' in version `normal'
(Font)                  OT1/cmr/m/n --> TU/lmr/m/n on input line 133.
LaTeX Font Info:    Encoding `OT1' has changed to `TU' for symbol font
(Font)              `operators' in the math version `bold' on input line 133.
LaTeX Font Info:    Overwriting symbol font `operators' in version `bold'
(Font)                  OT1/cmr/bx/n --> TU/lmr/m/n on input line 133.
LaTeX Font Info:    Overwriting symbol font `operators' in version `normal'
(Font)                  TU/lmr/m/n --> TU/lmr/m/n on input line 133.
LaTeX Font Info:    Overwriting math alphabet `\mathit' in version `normal'
(Font)                  OT1/cmr/m/it --> TU/lmr/m/it on input line 133.
LaTeX Font Info:    Overwriting math alphabet `\mathbf' in version `normal'
(Font)                  OT1/cmr/bx/n --> TU/lmr/b/n on input line 133.
LaTeX Font Info:    Overwriting math alphabet `\mathsf' in version `normal'
(Font)                  OT1/cmss/m/n --> TU/lmss/m/n on input line 133.
LaTeX Font Info:    Overwriting math alphabet `\mathtt' in version `normal'
(Font)                  OT1/cmtt/m/n --> TU/CourierNew(0)/m/n on input line 133.

LaTeX Font Info:    Overwriting symbol font `operators' in version `bold'
(Font)                  TU/lmr/m/n --> TU/lmr/b/n on input line 133.
LaTeX Font Info:    Overwriting math alphabet `\mathit' in version `bold'
(Font)                  OT1/cmr/bx/it --> TU/lmr/b/it on input line 133.
LaTeX Font Info:    Overwriting math alphabet `\mathsf' in version `bold'
(Font)                  OT1/cmss/bx/n --> TU/lmss/b/n on input line 133.
LaTeX Font Info:    Overwriting math alphabet `\mathtt' in version `bold'
(Font)                  OT1/cmtt/m/n --> TU/CourierNew(0)/b/n on input line 133.


("C:/Program Files/MiKTeX 2.9/tex/context/base/mkii/supp-pdf.mkii"
[Loading MPS to PDF converter (version 2006.09.02).]
\scratchcounter=\count320
\scratchdimen=\dimen278
\scratchbox=\box65
\nofMPsegments=\count321
\nofMParguments=\count322
\everyMPshowfont=\toks42
\MPscratchCnt=\count323
\MPscratchDim=\dimen279
\MPnumerator=\count324
\makeMPintoPDFobject=\count325
\everyMPtoPDFconversion=\toks43
) ("C:/Program Files/MiKTeX 2.9/tex/latex/epstopdf-pkg/epstopdf-base.sty"
Package: epstopdf-base 2020-01-24 v2.11 Base part for package epstopdf
Package epstopdf-base Info: Redefining graphics rule for `.eps' on input line 48
5.
)
*geometry* driver: auto-detecting
*geometry* detected driver: luatex
*geometry* verbose mode - [ preamble ] result:
* driver: luatex
* paper: <default>
* layout: <same size as paper>
* layoutoffset:(h,v)=(0.0pt,0.0pt)
* modes: 
* h-part:(L,W,R)=(99.58464pt, 415.12572pt, 99.58464pt)
* v-part:(T,H,B)=(0.0pt, 699.57262pt, 95.39737pt)
* \paperwidth=614.295pt
* \paperheight=794.96999pt
* \textwidth=415.12572pt
* \textheight=699.57262pt
* \oddsidemargin=27.31465pt
* \evensidemargin=27.31465pt
* \topmargin=-109.26999pt
* \headheight=12.0pt
* \headsep=25.0pt
* \topskip=10.0pt
* \footskip=30.0pt
* \marginparwidth=65.0pt
* \marginparsep=11.0pt
* \columnsep=10.0pt
* \skip\footins=9.0pt plus 4.0pt minus 2.0pt
* \hoffset=0.0pt
* \voffset=0.0pt
* \mag=1000
* \@twocolumnfalse
* \@twosidefalse
* \@mparswitchfalse
* \@reversemarginfalse
* (1in=72.27pt=25.4mm, 1cm=28.453pt)

Package caption Info: Begin \AtBeginDocument code.
Package caption Info: float package is loaded.
Package caption Info: floatrow package is loaded.
Package caption Info: listings package is loaded.
Package caption Info: End \AtBeginDocument code.
\c@lstlisting=\count326
Package lastpage Info: Please have a look at the pageslts package at
(lastpage)             https://www.ctan.org/pkg/pageslts
(lastpage)             ! on input line 133.

Package fontspec Info: Font family 'TeXGyrePagella(0)' created for font 'TeX
(fontspec)             Gyre Pagella' with options [Ligatures=TeX].
(fontspec)              
(fontspec)              This font family consists of the following NFSS
(fontspec)             series/shapes:
(fontspec)              
(fontspec)             - 'normal' (m/n) with NFSS spec.:
(fontspec)             <->"TeXGyrePagella:mode=node;script=latn;language=dflt;+t
lig;"
(fontspec)             - 'small caps'  (m/sc) with NFSS spec.:
(fontspec)             <->"TeXGyrePagella:mode=node;script=latn;language=dflt;+t
lig;+smcp;"
(fontspec)             - 'bold' (b/n) with NFSS spec.:
(fontspec)             <->"TeXGyrePagella/B:mode=node;script=latn;language=dflt;
+tlig;"
(fontspec)             - 'bold small caps'  (b/sc) with NFSS spec.:
(fontspec)             <->"TeXGyrePagella/B:mode=node;script=latn;language=dflt;
+tlig;+smcp;"
(fontspec)             - 'italic' (m/it) with NFSS spec.:
(fontspec)             <->"TeXGyrePagella/I:mode=node;script=latn;language=dflt;
+tlig;"
(fontspec)             - 'italic small caps'  (m/scit) with NFSS spec.:
(fontspec)             <->"TeXGyrePagella/I:mode=node;script=latn;language=dflt;
+tlig;+smcp;"
(fontspec)             - 'bold italic' (b/it) with NFSS spec.:
(fontspec)             <->"TeXGyrePagella/BI:mode=node;script=latn;language=dflt
;+tlig;"
(fontspec)             - 'bold italic small caps'  (b/scit) with NFSS spec.:
(fontspec)             <->"TeXGyrePagella/BI:mode=node;script=latn;language=dflt
;+tlig;+smcp;"

*geometry* verbose mode - [ newgeometry ] result:
* driver: luatex
* paper: <default>
* layout: <same size as paper>
* layoutoffset:(h,v)=(0.0pt,0.0pt)
* modes: 
* h-part:(L,W,R)=(14.22636pt, 585.84227pt, 14.22636pt)
* v-part:(T,H,B)=(28.45274pt, 671.11987pt, 95.39737pt)
* \paperwidth=614.295pt
* \paperheight=794.96999pt
* \textwidth=585.84227pt
* \textheight=671.11987pt
* \oddsidemargin=-58.04362pt
* \evensidemargin=-58.04362pt
* \topmargin=-80.81725pt
* \headheight=12.0pt
* \headsep=25.0pt
* \topskip=10.0pt
* \footskip=30.0pt
* \marginparwidth=65.0pt
* \marginparsep=11.0pt
* \columnsep=10.0pt
* \skip\footins=9.0pt plus 4.0pt minus 2.0pt
* \hoffset=0.0pt
* \voffset=0.0pt
* \mag=1000
* \@twocolumnfalse
* \@twosidefalse
* \@mparswitchfalse
* \@reversemarginfalse
* (1in=72.27pt=25.4mm, 1cm=28.453pt)


LaTeX Font Warning: Font shape `LTJY3/SimSun(0)/m/up' undefined
(Font)              using `LTJY3/song/m/up' instead on input line 145.

LaTeX Font Info:    Trying to load font information for U+stmry on input line 14
5.
(C:/Users/15567/AppData/Roaming/MiKTeX/2.9/tex/latex/stmaryrd/ustmry.fd)

LaTeX Font Warning: Font shape `U/stmry/m/n' in size <10.53937> not available
(Font)              size <10.95> substituted on input line 145.

LaTeX Font Info:    Trying to load font information for U+msa on input line 145.

("C:/Program Files/MiKTeX 2.9/tex/latex/amsfonts/umsa.fd"
File: umsa.fd 2013/01/14 v3.01 AMS symbols A
)
LaTeX Font Info:    Trying to load font information for U+msb on input line 145.


("C:/Program Files/MiKTeX 2.9/tex/latex/amsfonts/umsb.fd"
File: umsb.fd 2013/01/14 v3.01 AMS symbols B
)
Overfull \hbox (43.20079pt too wide) in paragraph at lines 148--149
[]|[]| 
 []


Overfull \hbox (43.20079pt too wide) in paragraph at lines 149--150
[]|[]| 
 []


Overfull \hbox (43.20079pt too wide) in paragraph at lines 150--151
[]|[]| 
 []


Overfull \hbox (43.20079pt too wide) in paragraph at lines 151--152
[]|[]| 
 []


LaTeX Font Warning: Font shape `TU/TeXGyrePagella(0)/bx/n' undefined
(Font)              using `TU/TeXGyrePagella(0)/b/n' instead on input line 160.


LaTeX Font Warning: Font shape `TU/TeXGyrePagella(0)/bx/n' undefined
(Font)              using `TU/TeXGyrePagella(0)/b/n' instead on input line 166.


Overfull \hbox (43.20079pt too wide) in paragraph at lines 175--176
[]|[]| 
 []


Overfull \hbox (43.20079pt too wide) in paragraph at lines 176--177
[]|[]| 
 []


Overfull \hbox (43.20079pt too wide) in paragraph at lines 177--178
[]|[]| 
 []


Overfull \hbox (43.20079pt too wide) in paragraph at lines 178--179
[]|[]| 
 []


LaTeX Font Warning: Font shape `TU/TeXGyrePagella(0)/bx/n' undefined
(Font)              using `TU/TeXGyrePagella(0)/b/n' instead on input line 187.


LaTeX Font Warning: Font shape `TU/TeXGyrePagella(0)/bx/n' undefined
(Font)              using `TU/TeXGyrePagella(0)/b/n' instead on input line 188.


LaTeX Font Warning: Font shape `TU/TeXGyrePagella(0)/bx/n' undefined
(Font)              using `TU/TeXGyrePagella(0)/b/n' instead on input line 189.


LaTeX Font Warning: Font shape `TU/TeXGyrePagella(0)/bx/n' undefined
(Font)              using `TU/TeXGyrePagella(0)/b/n' instead on input line 193.


LaTeX Font Warning: Font shape `TU/TeXGyrePagella(0)/bx/n' undefined
(Font)              using `TU/TeXGyrePagella(0)/b/n' instead on input line 194.


LaTeX Font Warning: Font shape `TU/TeXGyrePagella(0)/bx/n' undefined
(Font)              using `TU/TeXGyrePagella(0)/b/n' instead on input line 197.


LaTeX Font Warning: Font shape `TU/TeXGyrePagella(0)/bx/n' undefined
(Font)              using `TU/TeXGyrePagella(0)/b/n' instead on input line 206.


LaTeX Font Warning: Font shape `TU/TeXGyrePagella(0)/bx/n' undefined
(Font)              using `TU/TeXGyrePagella(0)/b/n' instead on input line 206.


LaTeX Font Warning: Font shape `TU/TeXGyrePagella(0)/bx/n' undefined
(Font)              using `TU/TeXGyrePagella(0)/b/n' instead on input line 206.


LaTeX Font Warning: Font shape `TU/TeXGyrePagella(0)/bx/n' undefined
(Font)              using `TU/TeXGyrePagella(0)/b/n' instead on input line 206.


LaTeX Font Warning: Font shape `TU/TeXGyrePagella(0)/bx/n' undefined
(Font)              using `TU/TeXGyrePagella(0)/b/n' instead on input line 206.


LaTeX Font Warning: Font shape `TU/TeXGyrePagella(0)/bx/n' undefined
(Font)              using `TU/TeXGyrePagella(0)/b/n' instead on input line 208.


LaTeX Font Warning: Font shape `TU/TeXGyrePagella(0)/bx/n' undefined
(Font)              using `TU/TeXGyrePagella(0)/b/n' instead on input line 208.

luaotfload | aux : font no 124 (nil) does not define feature vert for script lat
n with language dflt
luaotfload | aux : font no 124 (nil) does not define feature vrt2 for script lat
n with language dflt

LaTeX Font Warning: Font shape `TU/TeXGyrePagella(0)/bx/n' undefined
(Font)              using `TU/TeXGyrePagella(0)/b/n' instead on input line 211.

[1


{C:/Users/15567/AppData/Local/MiKTeX/2.9/pdftex/config/pdftex.map}]
*geometry* verbose mode - [ newgeometry ] result:
* driver: luatex
* paper: <default>
* layout: <same size as paper>
* layoutoffset:(h,v)=(0.0pt,0.0pt)
* modes: 
* h-part:(L,W,R)=(92.14519pt, 422.56517pt, 99.58464pt)
* v-part:(T,H,B)=(56.9055pt, 642.66711pt, 95.39737pt)
* \paperwidth=614.295pt
* \paperheight=794.96999pt
* \textwidth=422.56517pt
* \textheight=642.66711pt
* \oddsidemargin=19.8752pt
* \evensidemargin=19.8752pt
* \topmargin=-52.36449pt
* \headheight=12.0pt
* \headsep=25.0pt
* \topskip=10.0pt
* \footskip=30.0pt
* \marginparwidth=65.0pt
* \marginparsep=11.0pt
* \columnsep=10.0pt
* \skip\footins=9.0pt plus 4.0pt minus 2.0pt
* \hoffset=0.0pt
* \voffset=0.0pt
* \mag=1000
* \@twocolumnfalse
* \@twosidefalse
* \@mparswitchfalse
* \@reversemarginfalse
* (1in=72.27pt=25.4mm, 1cm=28.453pt)



LaTeX Font Warning: Font shape `TU/TeXGyrePagella(0)/bx/n' undefined
(Font)              using `TU/TeXGyrePagella(0)/b/n' instead on input line 226.

(./paper-version0.6.toc

LaTeX Font Warning: Font shape `TU/TeXGyrePagella(0)/bx/n' undefined
(Font)              using `TU/TeXGyrePagella(0)/b/n' instead on input line 1.


LaTeX Font Warning: Font shape `TU/TeXGyrePagella(0)/bx/n' undefined
(Font)              using `TU/TeXGyrePagella(0)/b/n' instead on input line 1.

LaTeX Font Info:    Calculating math sizes for size <13> on input line 1.

LaTeX Font Warning: Font shape `U/stmry/m/n' in size <13> not available
(Font)              size <12> substituted on input line 1.

luaotfload | db : Reload initiated (formats: otf,ttf,ttc); reason: "Font stmary9
 not found.".
luaotfload | resolve : sequence of 3 lookups yielded nothing appropriate.
luaotfload | resolve : sequence of 3 lookups yielded nothing appropriate.
luaotfload | resolve : sequence of 3 lookups yielded nothing appropriate.

LaTeX Font Warning: Font shape `U/stmry/m/n' in size <6.5> not available
(Font)              size <6> substituted on input line 1.

luaotfload | resolve : sequence of 3 lookups yielded nothing appropriate.
luaotfload | resolve : sequence of 3 lookups yielded nothing appropriate.
luaotfload | resolve : sequence of 3 lookups yielded nothing appropriate.

LaTeX Font Warning: Font shape `TU/TeXGyrePagella(0)/bx/n' undefined
(Font)              using `TU/TeXGyrePagella(0)/b/n' instead on input line 1.


LaTeX Font Warning: Font shape `TU/TeXGyrePagella(0)/bx/n' undefined
(Font)              using `TU/TeXGyrePagella(0)/b/n' instead on input line 2.


LaTeX Font Warning: Font shape `TU/TeXGyrePagella(0)/bx/n' undefined
(Font)              using `TU/TeXGyrePagella(0)/b/n' instead on input line 2.


LaTeX Font Warning: Font shape `TU/TeXGyrePagella(0)/bx/n' undefined
(Font)              using `TU/TeXGyrePagella(0)/b/n' instead on input line 2.


LaTeX Font Warning: Font shape `TU/TeXGyrePagella(0)/bx/n' undefined
(Font)              using `TU/TeXGyrePagella(0)/b/n' instead on input line 5.


LaTeX Font Warning: Font shape `TU/TeXGyrePagella(0)/bx/n' undefined
(Font)              using `TU/TeXGyrePagella(0)/b/n' instead on input line 5.


LaTeX Font Warning: Font shape `TU/TeXGyrePagella(0)/bx/n' undefined
(Font)              using `TU/TeXGyrePagella(0)/b/n' instead on input line 5.


LaTeX Font Warning: Font shape `TU/TeXGyrePagella(0)/bx/n' undefined
(Font)              using `TU/TeXGyrePagella(0)/b/n' instead on input line 8.


LaTeX Font Warning: Font shape `TU/TeXGyrePagella(0)/bx/n' undefined
(Font)              using `TU/TeXGyrePagella(0)/b/n' instead on input line 8.


LaTeX Font Warning: Font shape `TU/TeXGyrePagella(0)/bx/n' undefined
(Font)              using `TU/TeXGyrePagella(0)/b/n' instead on input line 8.


LaTeX Font Warning: Font shape `TU/TeXGyrePagella(0)/bx/n' undefined
(Font)              using `TU/TeXGyrePagella(0)/b/n' instead on input line 14.


LaTeX Font Warning: Font shape `TU/TeXGyrePagella(0)/bx/n' undefined
(Font)              using `TU/TeXGyrePagella(0)/b/n' instead on input line 14.


LaTeX Font Warning: Font shape `TU/TeXGyrePagella(0)/bx/n' undefined
(Font)              using `TU/TeXGyrePagella(0)/b/n' instead on input line 14.


LaTeX Font Warning: Font shape `TU/TeXGyrePagella(0)/bx/n' undefined
(Font)              using `TU/TeXGyrePagella(0)/b/n' instead on input line 18.


LaTeX Font Warning: Font shape `TU/TeXGyrePagella(0)/bx/n' undefined
(Font)              using `TU/TeXGyrePagella(0)/b/n' instead on input line 18.


LaTeX Font Warning: Font shape `TU/TeXGyrePagella(0)/bx/n' undefined
(Font)              using `TU/TeXGyrePagella(0)/b/n' instead on input line 18.


LaTeX Font Warning: Font shape `TU/TeXGyrePagella(0)/bx/n' undefined
(Font)              using `TU/TeXGyrePagella(0)/b/n' instead on input line 22.


LaTeX Font Warning: Font shape `TU/TeXGyrePagella(0)/bx/n' undefined
(Font)              using `TU/TeXGyrePagella(0)/b/n' instead on input line 22.


LaTeX Font Warning: Font shape `TU/TeXGyrePagella(0)/bx/n' undefined
(Font)              using `TU/TeXGyrePagella(0)/b/n' instead on input line 22.


LaTeX Font Warning: Font shape `TU/TeXGyrePagella(0)/bx/n' undefined
(Font)              using `TU/TeXGyrePagella(0)/b/n' instead on input line 23.


LaTeX Font Warning: Font shape `TU/TeXGyrePagella(0)/bx/n' undefined
(Font)              using `TU/TeXGyrePagella(0)/b/n' instead on input line 23.


LaTeX Font Warning: Font shape `TU/TeXGyrePagella(0)/bx/n' undefined
(Font)              using `TU/TeXGyrePagella(0)/b/n' instead on input line 23.


LaTeX Font Warning: Font shape `TU/TeXGyrePagella(0)/bx/n' undefined
(Font)              using `TU/TeXGyrePagella(0)/b/n' instead on input line 24.


LaTeX Font Warning: Font shape `TU/TeXGyrePagella(0)/bx/n' undefined
(Font)              using `TU/TeXGyrePagella(0)/b/n' instead on input line 24.


LaTeX Font Warning: Font shape `TU/TeXGyrePagella(0)/bx/n' undefined
(Font)              using `TU/TeXGyrePagella(0)/b/n' instead on input line 24.

)
\tf@toc=\write4

\openout4 = paper-version0.6.toc


Package Fancyhdr Warning: \headheight is too small (12.0pt): 
Make it at least 12.64723pt.
We now make it that large for the rest of the document.
This may cause the page layout to be inconsistent, however.

[1

]

LaTeX Font Warning: Font shape `TU/TeXGyrePagella(0)/bx/n' undefined
(Font)              using `TU/TeXGyrePagella(0)/b/n' instead on input line 233.


LaTeX Font Warning: Font shape `TU/TeXGyrePagella(0)/bx/n' undefined
(Font)              using `TU/TeXGyrePagella(0)/b/n' instead on input line 233.


LaTeX Font Warning: Font shape `TU/TeXGyrePagella(0)/bx/n' undefined
(Font)              using `TU/TeXGyrePagella(0)/b/n' instead on input line 241.


LaTeX Font Warning: Font shape `TU/TeXGyrePagella(0)/bx/n' undefined
(Font)              using `TU/TeXGyrePagella(0)/b/n' instead on input line 241.


LaTeX Font Warning: Font shape `TU/TeXGyrePagella(0)/bx/n' undefined
(Font)              using `TU/TeXGyrePagella(0)/b/n' instead on input line 242.


LaTeX Font Warning: Font shape `TU/TeXGyrePagella(0)/bx/n' undefined
(Font)              using `TU/TeXGyrePagella(0)/b/n' instead on input line 242.


Overfull \hbox (6.4315pt too wide) in paragraph at lines 251--252
[]\TU/TeXGyrePagella(0)/m/n/13 Rain-drops fall on the model in a di-rec-tion pe
r-pen-dic-u-lar to the ground 
 []

[2]

LaTeX Font Warning: Font shape `TU/TeXGyrePagella(0)/bx/n' undefined
(Font)              using `TU/TeXGyrePagella(0)/b/n' instead on input line 258.


LaTeX Font Warning: Font shape `TU/TeXGyrePagella(0)/bx/n' undefined
(Font)              using `TU/TeXGyrePagella(0)/b/n' instead on input line 258.

[3]

LaTeX Font Warning: Font shape `TU/TeXGyrePagella(0)/bx/n' undefined
(Font)              using `TU/TeXGyrePagella(0)/b/n' instead on input line 298.


LaTeX Font Warning: Font shape `TU/TeXGyrePagella(0)/bx/n' undefined
(Font)              using `TU/TeXGyrePagella(0)/b/n' instead on input line 298.


LaTeX Font Warning: Font shape `TU/TeXGyrePagella(0)/bx/n' undefined
(Font)              using `TU/TeXGyrePagella(0)/b/n' instead on input line 299.


LaTeX Font Warning: Font shape `TU/TeXGyrePagella(0)/bx/n' undefined
(Font)              using `TU/TeXGyrePagella(0)/b/n' instead on input line 299.

[4

]
<pink-polygon.jpg, id=30, 1593.70406pt x 726.46407pt>
File: pink-polygon.jpg Graphic file (type jpg)
<use pink-polygon.jpg>
Package luatex.def Info: pink-polygon.jpg  used on input line 323.
(luatex.def)             Requested size: 227.61586pt x 142.26405pt.

Overfull \hbox (16.33328pt too wide) in paragraph at lines 323--324
 [][] 
 []

<pink-section.jpg, id=31, 1591.44562pt x 703.87968pt>
File: pink-section.jpg Graphic file (type jpg)
<use pink-section.jpg>
Package luatex.def Info: pink-section.jpg  used on input line 327.
(luatex.def)             Requested size: 227.609pt x 142.2556pt.

Overfull \hbox (16.32642pt too wide) in paragraph at lines 327--328
 [][] 
 []

<pink-oval.jpg, id=32, 925.95938pt x 563.10374pt>
File: pink-oval.jpg Graphic file (type jpg)
<use pink-oval.jpg>
Package luatex.def Info: pink-oval.jpg  used on input line 330.
(luatex.def)             Requested size: 312.98526pt x 170.71101pt.
[5

<./pink-polygon.jpg><./pink-section.jpg><./pink-oval.jpg>]
<Top_v1.png, id=36, 1408.26125pt x 1003.75pt>
File: Top_v1.png Graphic file (type png)
<use Top_v1.png>
Package luatex.def Info: Top_v1.png  used on input line 346.
(luatex.def)             Requested size: 227.60416pt x 170.71182pt.
 [6

<./Top_v1.png>]
<Top_v2.png, id=41, 1408.26125pt x 1003.75pt>
File: Top_v2.png Graphic file (type png)
<use Top_v2.png>
Package luatex.def Info: Top_v2.png  used on input line 377.
(luatex.def)             Requested size: 227.60416pt x 170.71182pt.
<overlook_sd.png, id=42, 1450.41875pt x 1003.75pt>
File: overlook_sd.png Graphic file (type png)
<use overlook_sd.png>
Package luatex.def Info: overlook_sd.png  used on input line 389.
(luatex.def)             Requested size: 227.62329pt x 170.71182pt.

[7<./Top_v2.png><./overlook_sd.png>]
<Side_v.png, id=48, 1457.445pt x 865.2325pt>
File: Side_v.png Graphic file (type png)
<use Side_v.png>
Package luatex.def Info: Side_v.png  used on input line 419.
(luatex.def)             Requested size: 227.61403pt x 170.7066pt.
 [8<./Side_v.png>]

LaTeX Font Warning: Font shape `TU/TeXGyrePagella(0)/bx/n' undefined
(Font)              using `TU/TeXGyrePagella(0)/b/n' instead on input line 441.


LaTeX Font Warning: Font shape `TU/TeXGyrePagella(0)/bx/n' undefined
(Font)              using `TU/TeXGyrePagella(0)/b/n' instead on input line 441.

[9]
<laminar.png, id=59, 642.4pt x 481.8pt>
File: laminar.png Graphic file (type png)
<use laminar.png>
Package luatex.def Info: laminar.png  used on input line 450.
(luatex.def)             Requested size: 284.5291pt x 128.03662pt.
<turbulent.png, id=60, 642.4pt x 481.8pt>
File: turbulent.png Graphic file (type png)
<use turbulent.png>
Package luatex.def Info: turbulent.png  used on input line 452.
(luatex.def)             Requested size: 284.5291pt x 128.03662pt.
<Figure2.png, id=61, 434.34415pt x 300.66637pt>
File: Figure2.png Graphic file (type png)
<use Figure2.png>
Package luatex.def Info: Figure2.png  used on input line 461.
(luatex.def)             Requested size: 170.71904pt x 85.35588pt.
<Figure1.png, id=62, 2928.88824pt x 2027.46649pt>
File: Figure1.png Graphic file (type png)
<use Figure1.png>
Package luatex.def Info: Figure1.png  used on input line 465.
(luatex.def)             Requested size: 142.25201pt x 81.08484pt.
<Figure3.png, id=63, 3940.686pt x 2181.24pt>
File: Figure3.png Graphic file (type png)
<use Figure3.png>
Package luatex.def Info: Figure3.png  used on input line 469.
(luatex.def)             Requested size: 142.20732pt x 81.07738pt.


LaTeX Font Warning: Font shape `TU/TeXGyrePagella(0)/bx/n' undefined
(Font)              using `TU/TeXGyrePagella(0)/b/n' instead on input line 475.


LaTeX Font Warning: Font shape `TU/TeXGyrePagella(0)/bx/n' undefined
(Font)              using `TU/TeXGyrePagella(0)/b/n' instead on input line 475.


LaTeX Font Warning: Font shape `TU/TeXGyrePagella(0)/bx/n' undefined
(Font)              using `TU/TeXGyrePagella(0)/b/n' instead on input line 477.


LaTeX Font Warning: Font shape `TU/TeXGyrePagella(0)/bx/n' undefined
(Font)              using `TU/TeXGyrePagella(0)/b/n' instead on input line 477.

[10

<./laminar.png><./turbulent.png><./Figure2.png><./Figure1.png><./Figure3.png>]

LaTeX Font Warning: Font shape `TU/TeXGyrePagella(0)/bx/n' undefined
(Font)              using `TU/TeXGyrePagella(0)/b/n' instead on input line 479.


LaTeX Font Warning: Font shape `TU/TeXGyrePagella(0)/bx/n' undefined
(Font)              using `TU/TeXGyrePagella(0)/b/n' instead on input line 488.

<bridge.png, id=71, 369.35265pt x 201.05095pt>
File: bridge.png Graphic file (type png)
<use bridge.png>
Package luatex.def Info: bridge.png  used on input line 493.
(luatex.def)             Requested size: 256.07657pt x 170.71924pt.

LaTeX Font Warning: Font shape `TU/TeXGyrePagella(0)/bx/n' undefined
(Font)              using `TU/TeXGyrePagella(0)/b/n' instead on input line 497.

[11<./bridge.png>] [12]
<bridgeFAD.png, id=81, 604.2575pt x 513.92pt>
File: bridgeFAD.png Graphic file (type png)
<use bridgeFAD.png>
Package luatex.def Info: bridgeFAD.png  used on input line 543.
(luatex.def)             Requested size: 312.9802pt x 227.62328pt.
<bridgeFAV.png, id=82, 611.28375pt x 477.785pt>
File: bridgeFAV.png Graphic file (type png)
<use bridgeFAV.png>
Package luatex.def Info: bridgeFAV.png  used on input line 550.
(luatex.def)             Requested size: 312.97247pt x 227.62094pt.


LaTeX Font Warning: Font shape `TU/TeXGyrePagella(0)/bx/n' undefined
(Font)              using `TU/TeXGyrePagella(0)/b/n' instead on input line 554.


Overfull \hbox (31.76758pt too wide) in paragraph at lines 555--556
[]\TU/TeXGyrePagella(0)/m/n/13 Based on these two con-clu-sions, we con-structe
d the fol-low-ing model(shown
 []

<maxC.png, id=83, 429.10312pt x 286.06876pt>
File: maxC.png Graphic file (type png)
<use maxC.png>
Package luatex.def Info: maxC.png  used on input line 559.
(luatex.def)             Requested size: 227.62pt x 142.26578pt.
[13<./bridgeFAD.png>] [14<./bridgeFAV.png><./maxC.png>]
<Cubic.png, id=93, 465.99094pt x 310.91156pt>
File: Cubic.png Graphic file (type png)
<use Cubic.png>
Package luatex.def Info: Cubic.png  used on input line 579.
(luatex.def)             Requested size: 256.08249pt x 170.71722pt.
<fullcubic.png, id=94, 645.91313pt x 430.60875pt>
File: fullcubic.png Graphic file (type png)
<use fullcubic.png>
Package luatex.def Info: fullcubic.png  used on input line 587.
(luatex.def)             Requested size: 256.07413pt x 170.71606pt.
 [15<./Cubic.png><./fullcubic.png>]

LaTeX Font Warning: Font shape `TU/TeXGyrePagella(0)/bx/n' undefined
(Font)              using `TU/TeXGyrePagella(0)/b/n' instead on input line 607.


LaTeX Font Warning: Font shape `TU/TeXGyrePagella(0)/bx/n' undefined
(Font)              using `TU/TeXGyrePagella(0)/b/n' instead on input line 607.


LaTeX Font Warning: Font shape `TU/TeXGyrePagella(0)/bx/n' undefined
(Font)              using `TU/TeXGyrePagella(0)/b/n' instead on input line 609.


LaTeX Font Warning: Font shape `TU/TeXGyrePagella(0)/bx/n' undefined
(Font)              using `TU/TeXGyrePagella(0)/b/n' instead on input line 609.


LaTeX Font Warning: Font shape `TU/TeXGyrePagella(0)/bx/n' undefined
(Font)              using `TU/TeXGyrePagella(0)/b/n' instead on input line 615.


LaTeX Font Warning: Font shape `TU/TeXGyrePagella(0)/bx/n' undefined
(Font)              using `TU/TeXGyrePagella(0)/b/n' instead on input line 615.

[16]
<20200308002859.png, id=103, 1355.0625pt x 811.03pt>
File: 20200308002859.png Graphic file (type png)
<use 20200308002859.png>
Package luatex.def Info: 20200308002859.png  used on input line 623.
(luatex.def)             Requested size: 170.70569pt x 113.8033pt.
 [17<./20200308002859.png>]

LaTeX Font Warning: Font shape `TU/TeXGyrePagella(0)/bx/n' undefined
(Font)              using `TU/TeXGyrePagella(0)/b/n' instead on input line 686.


LaTeX Font Warning: Font shape `TU/TeXGyrePagella(0)/bx/n' undefined
(Font)              using `TU/TeXGyrePagella(0)/b/n' instead on input line 686.

[18]

LaTeX Warning: Command \L invalid in math mode on input line 693.

Missing character: There is no Ł (U+0141) in font cmmi12!
[19]
<raindrop.png, id=115, 1408.26125pt x 1003.75pt>
File: raindrop.png Graphic file (type png)
<use raindrop.png>
Package luatex.def Info: raindrop.png  used on input line 713.
(luatex.def)             Requested size: 341.42773pt x 256.06773pt.
 [20<./raindrop.png>]
<rain.png, id=121, 642.4pt x 481.8pt>
File: rain.png Graphic file (type png)
<use rain.png>
Package luatex.def Info: rain.png  used on input line 740.
(luatex.def)             Requested size: 341.4408pt x 256.0806pt.
 [21<./rain.png>]

LaTeX Font Warning: Font shape `TU/TeXGyrePagella(0)/bx/n' undefined
(Font)              using `TU/TeXGyrePagella(0)/b/n' instead on input line 748.


LaTeX Font Warning: Font shape `TU/TeXGyrePagella(0)/bx/n' undefined
(Font)              using `TU/TeXGyrePagella(0)/b/n' instead on input line 748.


LaTeX Font Warning: Font shape `TU/TeXGyrePagella(0)/bx/n' undefined
(Font)              using `TU/TeXGyrePagella(0)/b/n' instead on input line 750.


LaTeX Font Warning: Font shape `TU/TeXGyrePagella(0)/bx/n' undefined
(Font)              using `TU/TeXGyrePagella(0)/b/n' instead on input line 750.


LaTeX Font Warning: Font shape `TU/TeXGyrePagella(0)/bx/n' undefined
(Font)              using `TU/TeXGyrePagella(0)/b/n' instead on input line 754.


LaTeX Font Warning: Font shape `TU/TeXGyrePagella(0)/bx/n' undefined
(Font)              using `TU/TeXGyrePagella(0)/b/n' instead on input line 754.


LaTeX Font Warning: Font shape `TU/TeXGyrePagella(0)/bx/n' undefined
(Font)              using `TU/TeXGyrePagella(0)/b/n' instead on input line 760.


LaTeX Font Warning: Font shape `TU/TeXGyrePagella(0)/bx/n' undefined
(Font)              using `TU/TeXGyrePagella(0)/b/n' instead on input line 760.


LaTeX Font Warning: Font shape `TU/TeXGyrePagella(0)/bx/n' undefined
(Font)              using `TU/TeXGyrePagella(0)/b/n' instead on input line 764.


LaTeX Font Warning: Font shape `TU/TeXGyrePagella(0)/bx/n' undefined
(Font)              using `TU/TeXGyrePagella(0)/b/n' instead on input line 764.


LaTeX Font Warning: Font shape `TU/TeXGyrePagella(0)/bx/n' undefined
(Font)              using `TU/TeXGyrePagella(0)/b/n' instead on input line 774.

[22]

LaTeX Font Warning: Font shape `TU/TeXGyrePagella(0)/bx/n' undefined
(Font)              using `TU/TeXGyrePagella(0)/b/n' instead on input line 791.


LaTeX Font Warning: Font shape `TU/TeXGyrePagella(0)/bx/n' undefined
(Font)              using `TU/TeXGyrePagella(0)/b/n' instead on input line 799.

[23]

LaTeX Font Warning: Font shape `TU/TeXGyrePagella(0)/bx/n' undefined
(Font)              using `TU/TeXGyrePagella(0)/b/n' instead on input line 812.

<sc.png, id=131, 752.8125pt x 912.40875pt>
File: sc.png Graphic file (type png)
<use sc.png>
Package luatex.def Info: sc.png  used on input line 824.
(luatex.def)             Requested size: 138.70526pt x 192.04308pt.
[24<./sc.png>]

LaTeX Font Warning: Font shape `TU/TeXGyrePagella(0)/bx/n' undefined
(Font)              using `TU/TeXGyrePagella(0)/b/n' instead on input line 829.


LaTeX Font Warning: Font shape `TU/TeXGyrePagella(0)/bx/n' undefined
(Font)              using `TU/TeXGyrePagella(0)/b/n' instead on input line 829.

(./paper-version0.6.bbl) [25]

LaTeX Font Warning: Font shape `TU/TeXGyrePagella(0)/bx/n' undefined
(Font)              using `TU/TeXGyrePagella(0)/b/n' instead on input line 838.


LaTeX Font Warning: Font shape `TU/TeXGyrePagella(0)/bx/n' undefined
(Font)              using `TU/TeXGyrePagella(0)/b/n' instead on input line 838.


LaTeX Font Warning: Font shape `TU/TeXGyrePagella(0)/bx/n' undefined
(Font)              using `TU/TeXGyrePagella(0)/b/n' instead on input line 842.


LaTeX Font Warning: Font shape `TU/TeXGyrePagella(0)/bx/n' undefined
(Font)              using `TU/TeXGyrePagella(0)/b/n' instead on input line 842.


Overfull \hbox (0.69493pt too wide) in paragraph at lines 842--842
|\TU/TeXGyrePagella(0)/b/n/15.05624 Ap-pen-dices A Re-la-tion-ship be-tween the
 ra-tio of long and short
 []

luaotfload | aux : font no 174 (nil) defines no feature for script latn
luaotfload | aux : font no 174 (nil) defines no feature for script dflt

Package fontspec Info: Could not resolve font "FangSong/BI" (it probably
(fontspec)             doesn't exist).


Package fontspec Info: Could not resolve font "FangSong/B" (it probably
(fontspec)             doesn't exist).


Package fontspec Info: Could not resolve font "FangSong/I" (it probably
(fontspec)             doesn't exist).


Package fontspec Info: Font family 'FangSong(0)' created for font 'FangSong'
(fontspec)             with options [JFM=quanjiao,LTJFONTUID=3].
(fontspec)              
(fontspec)              This font family consists of the following NFSS
(fontspec)             series/shapes:
(fontspec)              
(fontspec)             - 'normal' (m/n) with NFSS spec.:
(fontspec)             <->"FangSong:mode=node;language=dflt;jfm=quanjiao;"
(fontspec)             - 'small caps'  (m/sc) with NFSS spec.: 

luaotfload | aux : font no 178 (nil) does not define feature vert for script dfl
t with language dflt
luaotfload | aux : font no 178 (nil) does not define feature vrt2 for script dfl
t with language dflt
Removing  `ltj.process_input_buffer' from `process_input_buffer'.
Inserting `ltj.listings_unicode' at position 1 in `process_input_buffer'.
Inserting `ltj.process_input_buffer' at position 2 in `process_input_buffer'. (./Cd_fit.py
LaTeX Font Info:    Font shape `TU/CourierNew(0)/m/sl' in size <13> not availabl
e
(Font)              Font shape `TU/CourierNew(0)/m/it' tried instead on input li
ne 9.


LaTeX Font Warning: Font shape `LTJY3/FangSong(0)/m/sl' undefined
(Font)              using `LTJY3/song/m/up' instead on input line 9.


LaTeX Font Warning: Font shape `LTJY3/FangSong(0)/m/it' undefined
(Font)              using `LTJY3/song/m/up' instead on input line 10.

luaotfload | aux : font no 183 (nil) does not define feature vert for script dfl
t with language dflt
luaotfload | aux : font no 183 (nil) does not define feature vrt2 for script dfl
t with language dflt [26])
Removing  `ltj.listings_unicode' from `process_input_buffer'.

LaTeX Font Warning: Font shape `TU/TeXGyrePagella(0)/bx/n' undefined
(Font)              using `TU/TeXGyrePagella(0)/b/n' instead on input line 851.


LaTeX Font Warning: Font shape `TU/TeXGyrePagella(0)/bx/n' undefined
(Font)              using `TU/TeXGyrePagella(0)/b/n' instead on input line 851.


Overfull \hbox (6.84285pt too wide) in paragraph at lines 851--851
|\TU/TeXGyrePagella(0)/b/n/15.05624 Ap-pen-dices B The pro-cess of a sand cas-t
le be-ing hit by rain(sen-
 []

Removing  `ltj.process_input_buffer' from `process_input_buffer'.
Inserting `ltj.listings_unicode' at position 1 in `process_input_buffer'.
Inserting `ltj.process_input_buffer' at position 2 in `process_input_buffer'. (./rain.py [27])
Removing  `ltj.listings_unicode' from `process_input_buffer'. 
AED: lastpage setting LastPage
[28] (./paper-version0.6.aux)

LaTeX Font Warning: Size substitutions with differences
(Font)              up to 1.0pt have occurred.


LaTeX Font Warning: Some font shapes were not available, defaults substituted.


LaTeX Warning: There were multiply-defined labels.

)

Here is how much of LuaTeX's memory you used:
 22149 strings out of 481384
 596932,1144653 words of node,token memory allocated
 19034 words of node memory still in use:
   7 hlist, 2 vlist, 2 rule, 2 glue, 65 kern, 1 glyph, 2795 attribute, 2499 glue
_spec, 164 attribute_list, 2 write, 26 user_defined nodes
   avail lists: 1:11,2:135006,3:271,4:15062,5:4470,6:130,7:9793,8:62,9:13853,10:
43,11:740,12:1
 38530 multiletter control sequences out of 65536+200000
 183 fonts using 243028619 bytes
 59i,15n,99p,1029b,1169s stack positions out of 5000i,500n,10000p,200000b,50000s
<C:/WINDOWS/Fonts/couri.ttf><C:/WINDOWS/Fonts/cour.ttf><C:/WINDOWS/Fonts/simsun.
ttc><c:/program files/miktex 2.9/fonts/opentype/public/lm/lmroman9-regular.otf><
c:/program files/miktex 2.9/fonts/opentype/public/lm/lmroman12-regular.otf><C:/U
sers/15567/AppData/Roaming/MiKTeX/2.9/fonts/opentype/public/tex-gyre/texgyrepage
lla-italic.otf><C:/Users/15567/AppData/Roaming/MiKTeX/2.9/fonts/opentype/public/
tex-gyre/texgyrepagella-bold.otf><C:/Users/15567/AppData/Roaming/MiKTeX/2.9/font
s/opentype/public/tex-gyre/texgyrepagella-regular.otf><C:/Program Files/MiKTeX 2
.9/fonts/type1/public/amsfonts/cm/cmex10.pfb><C:/Program Files/MiKTeX 2.9/fonts/
type1/public/amsfonts/cm/cmmi10.pfb><C:/Program Files/MiKTeX 2.9/fonts/type1/pub
lic/amsfonts/cm/cmmi12.pfb><C:/Program Files/MiKTeX 2.9/fonts/type1/public/amsfo
nts/cm/cmmi7.pfb><C:/Program Files/MiKTeX 2.9/fonts/type1/public/amsfonts/cm/cmm
i9.pfb><C:/Program Files/MiKTeX 2.9/fonts/type1/public/amsfonts/cm/cmr10.pfb><C:
/Program Files/MiKTeX 2.9/fonts/type1/public/amsfonts/cm/cmr12.pfb><C:/Program F
iles/MiKTeX 2.9/fonts/type1/public/amsfonts/cm/cmr6.pfb><C:/Program Files/MiKTeX
 2.9/fonts/type1/public/amsfonts/cm/cmr7.pfb><C:/Program Files/MiKTeX 2.9/fonts/
type1/public/amsfonts/cm/cmr9.pfb><C:/Program Files/MiKTeX 2.9/fonts/type1/publi
c/amsfonts/cm/cmsy10.pfb><C:/Program Files/MiKTeX 2.9/fonts/type1/public/amsfont
s/cm/cmsy5.pfb><C:/Program Files/MiKTeX 2.9/fonts/type1/public/amsfonts/cm/cmsy6
.pfb><C:/Program Files/MiKTeX 2.9/fonts/type1/public/amsfonts/cm/cmsy9.pfb>
Output written on paper-version0.6.pdf (29 pages, 3328882 bytes).

PDF statistics: 242 PDF objects out of 1000 (max. 8388607)
 0 named destinations out of 1000 (max. 131072)
 1 words of extra memory for PDF output out of 10000 (max. 100000000)

